[ 2019-04-10T11:49:10+08:00 ] 192.168.150.1 /
INFO: [ app_begin ] --START--
INFO: Run Behavior\ReadHtmlCacheBehavior [ RunTime:0.001723s ]
INFO: Run Behavior\CheckLangBehavior [ RunTime:0.010953s ]
INFO: Run Common\Behavior\UrldecodeGetBehavior [ RunTime:0.000717s ]
INFO: [ app_begin ] --END-- [ RunTime:0.014255s ]
NOTIC: [8] Undefined index: uid /home/www/blockgame.global/application/Common/Controller/HomebaseController.class.php 第 20 行.
NOTIC: [8] Undefined index: token /home/www/blockgame.global/application/Common/Controller/HomebaseController.class.php 第 23 行.
NOTIC: [8] Undefined index: uid /home/www/blockgame.global/application/Common/Controller/HomebaseController.class.php 第 33 行.
NOTIC: [8] Undefined index: code /home/www/blockgame.global/application/Common/Controller/HomebaseController.class.php 第 33 行.
SQL: SHOW COLUMNS FROM `jz_all_record` [ RunTime:0.0108s ]
SQL: SHOW COLUMNS FROM `jz_options` [ RunTime:0.0005s ]
SQL: SELECT `option_value` FROM `jz_options` WHERE `option_name` = 'bonus' LIMIT 1   [ RunTime:0.0003s ]
SQL: SHOW COLUMNS FROM `jz_user` [ RunTime:0.0086s ]
SQL: SELECT * FROM `jz_user` LIMIT 1   [ RunTime:0.0004s ]
SQL: SHOW COLUMNS FROM `jz_user` [ RunTime:0.0007s ]
SQL: UPDATE `jz_user` SET `token`='e76015ab32093b83a2df9a716244203f' WHERE `id` = 174 [ RunTime:0.0022s ]
NOTIC: [8] Undefined variable: user /home/www/blockgame.global/application/Portal/Controller/IndexController.class.php 第 62 行.
SQL: SELECT `option_value` FROM `jz_options` WHERE `option_name` = 'cdn_settings' LIMIT 1   [ RunTime:0.0002s ]
INFO: [ view_parse ] --START--
INFO: [ template_filter ] --START--
INFO: Run Behavior\ContentReplaceBehavior [ RunTime:0.000309s ]
INFO: [ template_filter ] --END-- [ RunTime:0.000346s ]
INFO: Run Behavior\ParseTemplateBehavior [ RunTime:0.042153s ]
INFO: [ view_parse ] --END-- [ RunTime:0.042187s ]
INFO: [ view_filter ] --START--
INFO: Run Behavior\WriteHtmlCacheBehavior [ RunTime:0.000927s ]
INFO: Run Common\Behavior\TmplStripSpaceBehavior [ RunTime:0.000714s ]
INFO: [ view_filter ] --END-- [ RunTime:0.001685s ]
INFO: [ app_end ] --START--
INFO: Run Behavior\ShowPageTraceBehavior [ RunTime:0.001188s ]
INFO: [ app_end ] --END-- [ RunTime:0.001212s ]

[ 2019-04-10T11:49:11+08:00 ] 192.168.150.1 /index.php/portal/index/gamejs
INFO: [ app_begin ] --START--
INFO: Run Behavior\ReadHtmlCacheBehavior [ RunTime:0.000790s ]
INFO: Run Behavior\CheckLangBehavior [ RunTime:0.001000s ]
INFO: Run Common\Behavior\UrldecodeGetBehavior [ RunTime:0.000345s ]
INFO: [ app_begin ] --END-- [ RunTime:0.002613s ]
NOTIC: [8] Undefined index: uid /home/www/blockgame.global/application/Common/Controller/HomebaseController.class.php 第 20 行.
NOTIC: [8] Undefined index: token /home/www/blockgame.global/application/Common/Controller/HomebaseController.class.php 第 23 行.
NOTIC: [8] Undefined index: uid /home/www/blockgame.global/application/Common/Controller/HomebaseController.class.php 第 33 行.
NOTIC: [8] Undefined index: code /home/www/blockgame.global/application/Common/Controller/HomebaseController.class.php 第 33 行.
SQL: SHOW COLUMNS FROM `jz_all_record` [ RunTime:0.0010s ]
SQL: SHOW COLUMNS FROM `jz_options` [ RunTime:0.0005s ]
SQL: SELECT `option_value` FROM `jz_options` WHERE `option_name` = 'bonus' LIMIT 1   [ RunTime:0.0002s ]
SQL: SHOW COLUMNS FROM `jz_user` [ RunTime:0.0009s ]
SQL: SELECT * FROM `jz_user` LIMIT 1   [ RunTime:0.0003s ]
SQL: SHOW COLUMNS FROM `jz_server` [ RunTime:0.0005s ]
SQL: SELECT * FROM `jz_server` WHERE `type` = 0 AND `zt` = 1 ORDER BY num asc LIMIT 1   [ RunTime:0.0004s ]
INFO: [ app_end ] --START--
INFO: Run Behavior\ShowPageTraceBehavior [ RunTime:0.000765s ]
INFO: [ app_end ] --END-- [ RunTime:0.000788s ]

[ 2019-04-10T11:49:33+08:00 ] 192.168.150.1 /
INFO: [ app_begin ] --START--
INFO: Run Behavior\ReadHtmlCacheBehavior [ RunTime:0.000739s ]
INFO: Run Behavior\CheckLangBehavior [ RunTime:0.000929s ]
INFO: Run Common\Behavior\UrldecodeGetBehavior [ RunTime:0.000317s ]
INFO: [ app_begin ] --END-- [ RunTime:0.002435s ]
NOTIC: [8] Undefined index: uid /home/www/blockgame.global/application/Common/Controller/HomebaseController.class.php 第 20 行.
NOTIC: [8] Undefined index: token /home/www/blockgame.global/application/Common/Controller/HomebaseController.class.php 第 23 行.
NOTIC: [8] Undefined index: uid /home/www/blockgame.global/application/Common/Controller/HomebaseController.class.php 第 33 行.
NOTIC: [8] Undefined index: code /home/www/blockgame.global/application/Common/Controller/HomebaseController.class.php 第 33 行.
SQL: SHOW COLUMNS FROM `jz_all_record` [ RunTime:0.0012s ]
SQL: SHOW COLUMNS FROM `jz_options` [ RunTime:0.0004s ]
SQL: SELECT `option_value` FROM `jz_options` WHERE `option_name` = 'bonus' LIMIT 1   [ RunTime:0.0003s ]
SQL: SHOW COLUMNS FROM `jz_user` [ RunTime:0.0005s ]
SQL: SELECT * FROM `jz_user` LIMIT 1   [ RunTime:0.0003s ]
SQL: SHOW COLUMNS FROM `jz_user` [ RunTime:0.0003s ]
SQL: UPDATE `jz_user` SET `token`='5c52cf7bdd220ce3dd9cc830d578aaff' WHERE `id` = 174 [ RunTime:0.0020s ]
NOTIC: [8] Undefined variable: user /home/www/blockgame.global/application/Portal/Controller/IndexController.class.php 第 62 行.
SQL: SELECT `option_value` FROM `jz_options` WHERE `option_name` = 'cdn_settings' LIMIT 1   [ RunTime:0.0002s ]
INFO: [ view_parse ] --START--
INFO: [ template_filter ] --START--
INFO: Run Behavior\ContentReplaceBehavior [ RunTime:0.000094s ]
INFO: [ template_filter ] --END-- [ RunTime:0.000128s ]
INFO: Run Behavior\ParseTemplateBehavior [ RunTime:0.011785s ]
INFO: [ view_parse ] --END-- [ RunTime:0.011807s ]
INFO: [ view_filter ] --START--
INFO: Run Behavior\WriteHtmlCacheBehavior [ RunTime:0.000254s ]
INFO: Run Common\Behavior\TmplStripSpaceBehavior [ RunTime:0.000440s ]
INFO: [ view_filter ] --END-- [ RunTime:0.000725s ]
INFO: [ app_end ] --START--
INFO: Run Behavior\ShowPageTraceBehavior [ RunTime:0.000780s ]
INFO: [ app_end ] --END-- [ RunTime:0.000800s ]

[ 2019-04-10T11:49:33+08:00 ] 192.168.150.1 /index.php/portal/index/gamejs
INFO: [ app_begin ] --START--
INFO: Run Behavior\ReadHtmlCacheBehavior [ RunTime:0.000826s ]
INFO: Run Behavior\CheckLangBehavior [ RunTime:0.000971s ]
INFO: Run Common\Behavior\UrldecodeGetBehavior [ RunTime:0.000356s ]
INFO: [ app_begin ] --END-- [ RunTime:0.002606s ]
NOTIC: [8] Undefined index: uid /home/www/blockgame.global/application/Common/Controller/HomebaseController.class.php 第 20 行.
NOTIC: [8] Undefined index: token /home/www/blockgame.global/application/Common/Controller/HomebaseController.class.php 第 23 行.
NOTIC: [8] Undefined index: uid /home/www/blockgame.global/application/Common/Controller/HomebaseController.class.php 第 33 行.
NOTIC: [8] Undefined index: code /home/www/blockgame.global/application/Common/Controller/HomebaseController.class.php 第 33 行.
SQL: SHOW COLUMNS FROM `jz_all_record` [ RunTime:0.0010s ]
SQL: SHOW COLUMNS FROM `jz_options` [ RunTime:0.0005s ]
SQL: SELECT `option_value` FROM `jz_options` WHERE `option_name` = 'bonus' LIMIT 1   [ RunTime:0.0002s ]
SQL: SHOW COLUMNS FROM `jz_user` [ RunTime:0.0034s ]
SQL: SELECT * FROM `jz_user` LIMIT 1   [ RunTime:0.0005s ]
SQL: SHOW COLUMNS FROM `jz_server` [ RunTime:0.0006s ]
SQL: SELECT * FROM `jz_server` WHERE `type` = 0 AND `zt` = 1 ORDER BY num asc LIMIT 1   [ RunTime:0.0003s ]
INFO: [ app_end ] --START--
INFO: Run Behavior\ShowPageTraceBehavior [ RunTime:0.000904s ]
INFO: [ app_end ] --END-- [ RunTime:0.000935s ]

[ 2019-04-10T11:49:48+08:00 ] 192.168.150.1 /
INFO: [ app_begin ] --START--
INFO: Run Behavior\ReadHtmlCacheBehavior [ RunTime:0.000744s ]
INFO: Run Behavior\CheckLangBehavior [ RunTime:0.000946s ]
INFO: Run Common\Behavior\UrldecodeGetBehavior [ RunTime:0.000290s ]
INFO: [ app_begin ] --END-- [ RunTime:0.002364s ]
NOTIC: [8] Undefined index: uid /home/www/blockgame.global/application/Common/Controller/HomebaseController.class.php 第 20 行.
NOTIC: [8] Undefined index: token /home/www/blockgame.global/application/Common/Controller/HomebaseController.class.php 第 23 行.
NOTIC: [8] Undefined index: uid /home/www/blockgame.global/application/Common/Controller/HomebaseController.class.php 第 33 行.
NOTIC: [8] Undefined index: code /home/www/blockgame.global/application/Common/Controller/HomebaseController.class.php 第 33 行.
SQL: SHOW COLUMNS FROM `jz_all_record` [ RunTime:0.0009s ]
SQL: SHOW COLUMNS FROM `jz_options` [ RunTime:0.0005s ]
SQL: SELECT `option_value` FROM `jz_options` WHERE `option_name` = 'bonus' LIMIT 1   [ RunTime:0.0002s ]
SQL: SHOW COLUMNS FROM `jz_user` [ RunTime:0.0009s ]
SQL: SELECT * FROM `jz_user` LIMIT 1   [ RunTime:0.0003s ]
SQL: SHOW COLUMNS FROM `jz_user` [ RunTime:0.0007s ]
SQL: UPDATE `jz_user` SET `token`='869587b65e35a5fe8f93b66671c3964e' WHERE `id` = 174 [ RunTime:0.0022s ]
NOTIC: [8] Undefined variable: user /home/www/blockgame.global/application/Portal/Controller/IndexController.class.php 第 62 行.
SQL: SELECT `option_value` FROM `jz_options` WHERE `option_name` = 'cdn_settings' LIMIT 1   [ RunTime:0.0002s ]
INFO: [ view_parse ] --START--
INFO: [ template_filter ] --START--
INFO: Run Behavior\ContentReplaceBehavior [ RunTime:0.000090s ]
INFO: [ template_filter ] --END-- [ RunTime:0.000119s ]
INFO: Run Behavior\ParseTemplateBehavior [ RunTime:0.012450s ]
INFO: [ view_parse ] --END-- [ RunTime:0.012474s ]
INFO: [ view_filter ] --START--
INFO: Run Behavior\WriteHtmlCacheBehavior [ RunTime:0.000293s ]
INFO: Run Common\Behavior\TmplStripSpaceBehavior [ RunTime:0.000313s ]
INFO: [ view_filter ] --END-- [ RunTime:0.000638s ]
INFO: [ app_end ] --START--
INFO: Run Behavior\ShowPageTraceBehavior [ RunTime:0.000763s ]
INFO: [ app_end ] --END-- [ RunTime:0.000783s ]

[ 2019-04-10T11:49:48+08:00 ] 192.168.150.1 /index.php/portal/index/gamejs
INFO: [ app_begin ] --START--
INFO: Run Behavior\ReadHtmlCacheBehavior [ RunTime:0.000817s ]
INFO: Run Behavior\CheckLangBehavior [ RunTime:0.000969s ]
INFO: Run Common\Behavior\UrldecodeGetBehavior [ RunTime:0.000329s ]
INFO: [ app_begin ] --END-- [ RunTime:0.002563s ]
NOTIC: [8] Undefined index: uid /home/www/blockgame.global/application/Common/Controller/HomebaseController.class.php 第 20 行.
NOTIC: [8] Undefined index: token /home/www/blockgame.global/application/Common/Controller/HomebaseController.class.php 第 23 行.
NOTIC: [8] Undefined index: uid /home/www/blockgame.global/application/Common/Controller/HomebaseController.class.php 第 33 行.
NOTIC: [8] Undefined index: code /home/www/blockgame.global/application/Common/Controller/HomebaseController.class.php 第 33 行.
SQL: SHOW COLUMNS FROM `jz_all_record` [ RunTime:0.0014s ]
SQL: SHOW COLUMNS FROM `jz_options` [ RunTime:0.0008s ]
SQL: SELECT `option_value` FROM `jz_options` WHERE `option_name` = 'bonus' LIMIT 1   [ RunTime:0.0004s ]
SQL: SHOW COLUMNS FROM `jz_user` [ RunTime:0.0006s ]
SQL: SELECT * FROM `jz_user` LIMIT 1   [ RunTime:0.0003s ]
SQL: SHOW COLUMNS FROM `jz_server` [ RunTime:0.0005s ]
SQL: SELECT * FROM `jz_server` WHERE `type` = 0 AND `zt` = 1 ORDER BY num asc LIMIT 1   [ RunTime:0.0003s ]
INFO: [ app_end ] --START--
INFO: Run Behavior\ShowPageTraceBehavior [ RunTime:0.000846s ]
INFO: [ app_end ] --END-- [ RunTime:0.000871s ]

[ 2019-04-10T17:54:10+08:00 ] 192.168.150.1 /
INFO: [ app_begin ] --START--
INFO: Run Behavior\ReadHtmlCacheBehavior [ RunTime:0.000916s ]
INFO: Run Behavior\CheckLangBehavior [ RunTime:0.001262s ]
INFO: Run Common\Behavior\UrldecodeGetBehavior [ RunTime:0.000472s ]
INFO: [ app_begin ] --END-- [ RunTime:0.003360s ]
NOTIC: [8] Undefined index: uid /home/www/blockgame.global/application/Common/Controller/HomebaseController.class.php 第 20 行.
NOTIC: [8] Undefined index: token /home/www/blockgame.global/application/Common/Controller/HomebaseController.class.php 第 23 行.
NOTIC: [8] Undefined index: uid /home/www/blockgame.global/application/Common/Controller/HomebaseController.class.php 第 33 行.
NOTIC: [8] Undefined index: code /home/www/blockgame.global/application/Common/Controller/HomebaseController.class.php 第 33 行.
SQL: SHOW COLUMNS FROM `jz_all_record` [ RunTime:0.0021s ]
SQL: SHOW COLUMNS FROM `jz_options` [ RunTime:0.0007s ]
SQL: SELECT `option_value` FROM `jz_options` WHERE `option_name` = 'bonus' LIMIT 1   [ RunTime:0.0005s ]
SQL: SHOW COLUMNS FROM `jz_user` [ RunTime:0.0014s ]
SQL: SELECT * FROM `jz_user` LIMIT 1   [ RunTime:0.0003s ]
SQL: SHOW COLUMNS FROM `jz_user` [ RunTime:0.0008s ]
SQL: UPDATE `jz_user` SET `token`='cffa0ce19904b6e8838497879b447d19' WHERE `id` = 174 [ RunTime:0.0033s ]
NOTIC: [8] Undefined variable: user /home/www/blockgame.global/application/Portal/Controller/IndexController.class.php 第 62 行.
SQL: SELECT `option_value` FROM `jz_options` WHERE `option_name` = 'cdn_settings' LIMIT 1   [ RunTime:0.0006s ]
INFO: [ view_parse ] --START--
INFO: [ template_filter ] --START--
INFO: Run Behavior\ContentReplaceBehavior [ RunTime:0.000048s ]
INFO: [ template_filter ] --END-- [ RunTime:0.000072s ]
INFO: Run Behavior\ParseTemplateBehavior [ RunTime:0.006848s ]
INFO: [ view_parse ] --END-- [ RunTime:0.006871s ]
INFO: [ view_filter ] --START--
INFO: Run Behavior\WriteHtmlCacheBehavior [ RunTime:0.000272s ]
INFO: Run Common\Behavior\TmplStripSpaceBehavior [ RunTime:0.000318s ]
INFO: [ view_filter ] --END-- [ RunTime:0.000620s ]
INFO: [ app_end ] --START--
INFO: Run Behavior\ShowPageTraceBehavior [ RunTime:0.000819s ]
INFO: [ app_end ] --END-- [ RunTime:0.000839s ]

[ 2019-04-10T17:54:10+08:00 ] 192.168.150.1 /index.php/portal/index/gamejs
INFO: [ app_begin ] --START--
INFO: Run Behavior\ReadHtmlCacheBehavior [ RunTime:0.000744s ]
INFO: Run Behavior\CheckLangBehavior [ RunTime:0.000908s ]
INFO: Run Common\Behavior\UrldecodeGetBehavior [ RunTime:0.000291s ]
INFO: [ app_begin ] --END-- [ RunTime:0.002370s ]
NOTIC: [8] Undefined index: uid /home/www/blockgame.global/application/Common/Controller/HomebaseController.class.php 第 20 行.
NOTIC: [8] Undefined index: token /home/www/blockgame.global/application/Common/Controller/HomebaseController.class.php 第 23 行.
NOTIC: [8] Undefined index: uid /home/www/blockgame.global/application/Common/Controller/HomebaseController.class.php 第 33 行.
NOTIC: [8] Undefined index: code /home/www/blockgame.global/application/Common/Controller/HomebaseController.class.php 第 33 行.
SQL: SHOW COLUMNS FROM `jz_all_record` [ RunTime:0.0011s ]
SQL: SHOW COLUMNS FROM `jz_options` [ RunTime:0.0005s ]
SQL: SELECT `option_value` FROM `jz_options` WHERE `option_name` = 'bonus' LIMIT 1   [ RunTime:0.0002s ]
SQL: SHOW COLUMNS FROM `jz_user` [ RunTime:0.0038s ]
SQL: SELECT * FROM `jz_user` LIMIT 1   [ RunTime:0.0004s ]
SQL: SHOW COLUMNS FROM `jz_server` [ RunTime:0.0005s ]
SQL: SELECT * FROM `jz_server` WHERE `type` = 0 AND `zt` = 1 ORDER BY num asc LIMIT 1   [ RunTime:0.0003s ]
INFO: [ app_end ] --START--
INFO: Run Behavior\ShowPageTraceBehavior [ RunTime:0.000736s ]
INFO: [ app_end ] --END-- [ RunTime:0.000759s ]

