[ 2019-04-15T10:18:03+08:00 ] 192.168.150.1 /
INFO: [ app_begin ] --START--
INFO: Run Behavior\ReadHtmlCacheBehavior [ RunTime:0.000294s ]
INFO: Run Behavior\CheckLangBehavior [ RunTime:0.001373s ]
INFO: Run Common\Behavior\UrldecodeGetBehavior [ RunTime:0.000291s ]
INFO: [ app_begin ] --END-- [ RunTime:0.002195s ]
NOTIC: [8] Undefined index: uid /home/www/blockgame.global/application/Common/Controller/HomebaseController.class.php 第 20 行.
NOTIC: [8] Undefined index: token /home/www/blockgame.global/application/Common/Controller/HomebaseController.class.php 第 23 行.
NOTIC: [8] Undefined index: uid /home/www/blockgame.global/application/Common/Controller/HomebaseController.class.php 第 33 行.
NOTIC: [8] Undefined index: code /home/www/blockgame.global/application/Common/Controller/HomebaseController.class.php 第 33 行.
SQL: SHOW COLUMNS FROM `jz_all_record` [ RunTime:0.0227s ]
SQL: SHOW COLUMNS FROM `jz_options` [ RunTime:0.0003s ]
SQL: SELECT `option_value` FROM `jz_options` WHERE `option_name` = 'bonus' LIMIT 1   [ RunTime:0.0003s ]
SQL: SHOW COLUMNS FROM `jz_user` [ RunTime:0.0043s ]
SQL: SELECT * FROM `jz_user` LIMIT 1   [ RunTime:0.0004s ]
SQL: SHOW COLUMNS FROM `jz_user` [ RunTime:0.0008s ]
SQL: UPDATE `jz_user` SET `token`='dcc71ef581dc37cfc1bb89ef4637496d' WHERE `id` = 174 [ RunTime:0.0113s ]
NOTIC: [8] Undefined variable: user /home/www/blockgame.global/application/Portal/Controller/IndexController.class.php 第 62 行.
SQL: SELECT `option_value` FROM `jz_options` WHERE `option_name` = 'cdn_settings' LIMIT 1   [ RunTime:0.0002s ]
INFO: [ view_parse ] --START--
INFO: [ template_filter ] --START--
INFO: Run Behavior\ContentReplaceBehavior [ RunTime:0.000087s ]
INFO: [ template_filter ] --END-- [ RunTime:0.000193s ]
INFO: Run Behavior\ParseTemplateBehavior [ RunTime:0.026352s ]
INFO: [ view_parse ] --END-- [ RunTime:0.026391s ]
INFO: [ view_filter ] --START--
INFO: Run Behavior\WriteHtmlCacheBehavior [ RunTime:0.000368s ]
INFO: Run Common\Behavior\TmplStripSpaceBehavior [ RunTime:0.000160s ]
INFO: [ view_filter ] --END-- [ RunTime:0.000557s ]
INFO: [ app_end ] --START--
INFO: Run Behavior\ShowPageTraceBehavior [ RunTime:0.000798s ]
INFO: [ app_end ] --END-- [ RunTime:0.000812s ]

[ 2019-04-15T10:18:05+08:00 ] 192.168.150.1 /index.php/portal/index/gamejs
INFO: [ app_begin ] --START--
INFO: Run Behavior\ReadHtmlCacheBehavior [ RunTime:0.000372s ]
INFO: Run Behavior\CheckLangBehavior [ RunTime:0.000410s ]
INFO: Run Common\Behavior\UrldecodeGetBehavior [ RunTime:0.000150s ]
INFO: [ app_begin ] --END-- [ RunTime:0.001165s ]
NOTIC: [8] Undefined index: uid /home/www/blockgame.global/application/Common/Controller/HomebaseController.class.php 第 20 行.
NOTIC: [8] Undefined index: token /home/www/blockgame.global/application/Common/Controller/HomebaseController.class.php 第 23 行.
NOTIC: [8] Undefined index: uid /home/www/blockgame.global/application/Common/Controller/HomebaseController.class.php 第 33 行.
NOTIC: [8] Undefined index: code /home/www/blockgame.global/application/Common/Controller/HomebaseController.class.php 第 33 行.
SQL: SHOW COLUMNS FROM `jz_all_record` [ RunTime:0.0011s ]
SQL: SHOW COLUMNS FROM `jz_options` [ RunTime:0.0006s ]
SQL: SELECT `option_value` FROM `jz_options` WHERE `option_name` = 'bonus' LIMIT 1   [ RunTime:0.0002s ]
SQL: SHOW COLUMNS FROM `jz_user` [ RunTime:0.0286s ]
SQL: SELECT * FROM `jz_user` LIMIT 1   [ RunTime:0.0003s ]
SQL: SHOW COLUMNS FROM `jz_server` [ RunTime:0.0005s ]
SQL: SELECT * FROM `jz_server` WHERE `type` = 0 AND `zt` = 1 ORDER BY num asc LIMIT 1   [ RunTime:0.0004s ]
INFO: [ app_end ] --START--
INFO: Run Behavior\ShowPageTraceBehavior [ RunTime:0.000951s ]
INFO: [ app_end ] --END-- [ RunTime:0.000977s ]

[ 2019-04-15T10:18:10+08:00 ] 192.168.150.1 /portal/index/room.html?room=3389
INFO: [ app_begin ] --START--
INFO: Run Behavior\ReadHtmlCacheBehavior [ RunTime:0.002505s ]
INFO: Run Behavior\CheckLangBehavior [ RunTime:0.003002s ]
INFO: Run Common\Behavior\UrldecodeGetBehavior [ RunTime:0.001027s ]
INFO: [ app_begin ] --END-- [ RunTime:0.007943s ]
NOTIC: [8] Undefined index: uid /home/www/blockgame.global/application/Common/Controller/HomebaseController.class.php 第 20 行.
NOTIC: [8] Undefined index: token /home/www/blockgame.global/application/Common/Controller/HomebaseController.class.php 第 23 行.
NOTIC: [8] Undefined index: uid /home/www/blockgame.global/application/Common/Controller/HomebaseController.class.php 第 33 行.
NOTIC: [8] Undefined index: code /home/www/blockgame.global/application/Common/Controller/HomebaseController.class.php 第 33 行.
SQL: SHOW COLUMNS FROM `jz_all_record` [ RunTime:0.0016s ]
SQL: SHOW COLUMNS FROM `jz_options` [ RunTime:0.0010s ]
SQL: SELECT `option_value` FROM `jz_options` WHERE `option_name` = 'bonus' LIMIT 1   [ RunTime:0.0004s ]
SQL: SHOW COLUMNS FROM `jz_user` [ RunTime:0.0015s ]
SQL: SELECT * FROM `jz_user` LIMIT 1   [ RunTime:0.0067s ]
SQL: SHOW COLUMNS FROM `jz_user` [ RunTime:0.0008s ]
SQL: UPDATE `jz_user` SET `token`='605548d9f887bb07cc829721dafb7c47' WHERE `id` = 174 [ RunTime:0.0027s ]
SQL: SHOW COLUMNS FROM `jz_room` [ RunTime:0.0037s ]
SQL: SELECT * FROM `jz_room` WHERE `id` = 3389 LIMIT 1   [ RunTime:0.0005s ]
SQL: SELECT * FROM `jz_user` WHERE `id` = 174 LIMIT 1   [ RunTime:0.0006s ]
SQL: SHOW COLUMNS FROM `jz_qun` [ RunTime:0.0077s ]
SQL: SELECT * FROM `jz_qun` WHERE `open` = 174  [ RunTime:0.0005s ]
NOTIC: [8] Undefined index: sz /home/www/blockgame.global/application/Portal/Controller/IndexController.class.php 第 132 行.
NOTIC: [8] Undefined index:  /home/www/blockgame.global/application/Portal/Controller/IndexController.class.php 第 132 行.
NOTIC: [8] Undefined index: sx /home/www/blockgame.global/application/Portal/Controller/IndexController.class.php 第 133 行.
NOTIC: [8] Undefined index:  /home/www/blockgame.global/application/Portal/Controller/IndexController.class.php 第 133 行.
NOTIC: [8] Undefined index: cm /home/www/blockgame.global/application/Portal/Controller/IndexController.class.php 第 134 行.
NOTIC: [8] Undefined index:  /home/www/blockgame.global/application/Portal/Controller/IndexController.class.php 第 134 行.
NOTIC: [8] Undefined index: px /home/www/blockgame.global/application/Portal/Controller/IndexController.class.php 第 138 行.
NOTIC: [8] Undefined index: px /home/www/blockgame.global/application/Portal/Controller/IndexController.class.php 第 138 行.
NOTIC: [8] Undefined index: px /home/www/blockgame.global/application/Portal/Controller/IndexController.class.php 第 138 行.
NOTIC: [8] Undefined index: gz2 /home/www/blockgame.global/application/Portal/Controller/IndexController.class.php 第 144 行.
SQL: SELECT `option_value` FROM `jz_options` WHERE `option_name` = 'cdn_settings' LIMIT 1   [ RunTime:0.0004s ]
INFO: [ view_parse ] --START--
INFO: [ template_filter ] --START--
INFO: Run Behavior\ContentReplaceBehavior [ RunTime:0.000131s ]
INFO: [ template_filter ] --END-- [ RunTime:0.000170s ]
NOTIC: [8] Undefined index: px /home/www/blockgame.global/data/runtime/Cache/Portal/79b51eb1cbc78a8914c56c01e140fc8f.php 第 80 行.
SQL: SELECT * FROM `jz_user` WHERE `id` = 174 LIMIT 1   [ RunTime:0.0008s ]
INFO: Run Behavior\ParseTemplateBehavior [ RunTime:0.069387s ]
INFO: [ view_parse ] --END-- [ RunTime:0.069428s ]
INFO: [ view_filter ] --START--
INFO: Run Behavior\WriteHtmlCacheBehavior [ RunTime:0.000628s ]
INFO: Run Common\Behavior\TmplStripSpaceBehavior [ RunTime:0.000275s ]
INFO: [ view_filter ] --END-- [ RunTime:0.000955s ]
INFO: [ app_end ] --START--
INFO: Run Behavior\ShowPageTraceBehavior [ RunTime:0.001156s ]
INFO: [ app_end ] --END-- [ RunTime:0.001277s ]

[ 2019-04-15T10:18:12+08:00 ] 192.168.150.1 /index.php/portal/index/getconfig/?url=http%3A%2F%2Ftest.blockgame.com%2Fportal%2Findex%2Froom.html%3Froom%3D3389
INFO: [ app_begin ] --START--
INFO: Run Behavior\ReadHtmlCacheBehavior [ RunTime:0.000341s ]
INFO: Run Behavior\CheckLangBehavior [ RunTime:0.000936s ]
INFO: Run Common\Behavior\UrldecodeGetBehavior [ RunTime:0.000469s ]
INFO: [ app_begin ] --END-- [ RunTime:0.001959s ]
NOTIC: [8] Undefined index: uid /home/www/blockgame.global/application/Common/Controller/HomebaseController.class.php 第 20 行.
NOTIC: [8] Undefined index: token /home/www/blockgame.global/application/Common/Controller/HomebaseController.class.php 第 23 行.
NOTIC: [8] Undefined index: uid /home/www/blockgame.global/application/Common/Controller/HomebaseController.class.php 第 33 行.
NOTIC: [8] Undefined index: code /home/www/blockgame.global/application/Common/Controller/HomebaseController.class.php 第 33 行.
SQL: SHOW COLUMNS FROM `jz_all_record` [ RunTime:0.0015s ]
SQL: SHOW COLUMNS FROM `jz_options` [ RunTime:0.0007s ]
SQL: SELECT `option_value` FROM `jz_options` WHERE `option_name` = 'bonus' LIMIT 1   [ RunTime:0.0005s ]
SQL: SHOW COLUMNS FROM `jz_user` [ RunTime:0.0009s ]
SQL: SELECT * FROM `jz_user` LIMIT 1   [ RunTime:0.0003s ]
NOTIC: [2] Use of undefined constant weixin_appid - assumed 'weixin_appid' (this will throw an Error in a future version of PHP) /home/www/blockgame.global/application/Portal/Controller/IndexController.class.php 第 40 行.
NOTIC: [2] Use of undefined constant weixin_key - assumed 'weixin_key' (this will throw an Error in a future version of PHP) /home/www/blockgame.global/application/Portal/Controller/IndexController.class.php 第 40 行.
NOTIC: [2] Use of undefined constant access_token - assumed 'access_token' (this will throw an Error in a future version of PHP) /home/www/blockgame.global/application/Portal/Controller/IndexController.class.php 第 40 行.
NOTIC: [8] Undefined index: access_token /home/www/blockgame.global/application/Common/Lib/weixin.class.php 第 50 行.

