[ 2019-04-08T16:44:34+08:00 ] 192.168.150.1 /
INFO: [ app_begin ] --START--
INFO: Run Behavior\ReadHtmlCacheBehavior [ RunTime:0.000817s ]
INFO: Run Behavior\CheckLangBehavior [ RunTime:0.001892s ]
INFO: Run Common\Behavior\UrldecodeGetBehavior [ RunTime:0.000631s ]
INFO: [ app_begin ] --END-- [ RunTime:0.004018s ]
NOTIC: [8] Undefined index: uid /home/www/blockgame.global/application/Common/Controller/HomebaseController.class.php 第 20 行.
NOTIC: [8] Undefined index: token /home/www/blockgame.global/application/Common/Controller/HomebaseController.class.php 第 23 行.
NOTIC: [8] Undefined index: uid /home/www/blockgame.global/application/Common/Controller/HomebaseController.class.php 第 33 行.
NOTIC: [8] Undefined index: code /home/www/blockgame.global/application/Common/Controller/HomebaseController.class.php 第 33 行.

[ 2019-04-08T16:44:52+08:00 ] 192.168.150.1 /
INFO: [ app_begin ] --START--
INFO: Run Behavior\ReadHtmlCacheBehavior [ RunTime:0.001258s ]
INFO: Run Behavior\CheckLangBehavior [ RunTime:0.001333s ]
INFO: Run Common\Behavior\UrldecodeGetBehavior [ RunTime:0.000361s ]
INFO: [ app_begin ] --END-- [ RunTime:0.003585s ]
NOTIC: [8] Undefined index: uid /home/www/blockgame.global/application/Common/Controller/HomebaseController.class.php 第 20 行.
NOTIC: [8] Undefined index: token /home/www/blockgame.global/application/Common/Controller/HomebaseController.class.php 第 23 行.
NOTIC: [8] Undefined index: uid /home/www/blockgame.global/application/Common/Controller/HomebaseController.class.php 第 33 行.
NOTIC: [8] Undefined index: code /home/www/blockgame.global/application/Common/Controller/HomebaseController.class.php 第 33 行.

[ 2019-04-08T16:52:12+08:00 ] 192.168.150.1 /
INFO: [ app_begin ] --START--
INFO: Run Behavior\ReadHtmlCacheBehavior [ RunTime:0.000337s ]
INFO: Run Behavior\CheckLangBehavior [ RunTime:0.000364s ]
INFO: Run Common\Behavior\UrldecodeGetBehavior [ RunTime:0.000138s ]
INFO: [ app_begin ] --END-- [ RunTime:0.001034s ]
NOTIC: [8] Undefined index: uid /home/www/blockgame.global/application/Common/Controller/HomebaseController.class.php 第 20 行.
NOTIC: [8] Undefined index: token /home/www/blockgame.global/application/Common/Controller/HomebaseController.class.php 第 23 行.
NOTIC: [8] Undefined index: uid /home/www/blockgame.global/application/Common/Controller/HomebaseController.class.php 第 33 行.
NOTIC: [8] Undefined index: code /home/www/blockgame.global/application/Common/Controller/HomebaseController.class.php 第 33 行.

[ 2019-04-08T17:04:50+08:00 ] 192.168.150.1 /
INFO: [ app_begin ] --START--
INFO: Run Behavior\ReadHtmlCacheBehavior [ RunTime:0.000923s ]
INFO: Run Behavior\CheckLangBehavior [ RunTime:0.000610s ]
INFO: Run Common\Behavior\UrldecodeGetBehavior [ RunTime:0.000336s ]
INFO: [ app_begin ] --END-- [ RunTime:0.002370s ]
NOTIC: [8] Undefined index: uid /home/www/blockgame.global/application/Common/Controller/HomebaseController.class.php 第 20 行.
NOTIC: [8] Undefined index: token /home/www/blockgame.global/application/Common/Controller/HomebaseController.class.php 第 23 行.
NOTIC: [8] Undefined index: uid /home/www/blockgame.global/application/Common/Controller/HomebaseController.class.php 第 33 行.
NOTIC: [8] Undefined index: code /home/www/blockgame.global/application/Common/Controller/HomebaseController.class.php 第 33 行.

[ 2019-04-08T17:07:37+08:00 ] 192.168.150.1 /
INFO: [ app_begin ] --START--
INFO: Run Behavior\ReadHtmlCacheBehavior [ RunTime:0.000850s ]
INFO: Run Behavior\CheckLangBehavior [ RunTime:0.001070s ]
INFO: Run Common\Behavior\UrldecodeGetBehavior [ RunTime:0.000353s ]
INFO: [ app_begin ] --END-- [ RunTime:0.002916s ]
NOTIC: [8] Undefined index: uid /home/www/blockgame.global/application/Common/Controller/HomebaseController.class.php 第 20 行.
NOTIC: [8] Undefined index: token /home/www/blockgame.global/application/Common/Controller/HomebaseController.class.php 第 23 行.
NOTIC: [8] Undefined index: uid /home/www/blockgame.global/application/Common/Controller/HomebaseController.class.php 第 33 行.
NOTIC: [8] Undefined index: code /home/www/blockgame.global/application/Common/Controller/HomebaseController.class.php 第 33 行.

[ 2019-04-08T17:11:38+08:00 ] 192.168.150.1 /
INFO: [ app_begin ] --START--
INFO: Run Behavior\ReadHtmlCacheBehavior [ RunTime:0.000557s ]
INFO: Run Behavior\CheckLangBehavior [ RunTime:0.000631s ]
INFO: Run Common\Behavior\UrldecodeGetBehavior [ RunTime:0.000325s ]
INFO: [ app_begin ] --END-- [ RunTime:0.002052s ]
NOTIC: [8] Undefined index: uid /home/www/blockgame.global/application/Common/Controller/HomebaseController.class.php 第 20 行.
NOTIC: [8] Undefined index: token /home/www/blockgame.global/application/Common/Controller/HomebaseController.class.php 第 23 行.
NOTIC: [8] Undefined index: uid /home/www/blockgame.global/application/Common/Controller/HomebaseController.class.php 第 33 行.
NOTIC: [8] Undefined index: code /home/www/blockgame.global/application/Common/Controller/HomebaseController.class.php 第 33 行.

[ 2019-04-08T17:11:43+08:00 ] 192.168.150.1 /
INFO: [ app_begin ] --START--
INFO: Run Behavior\ReadHtmlCacheBehavior [ RunTime:0.000792s ]
INFO: Run Behavior\CheckLangBehavior [ RunTime:0.001103s ]
INFO: Run Common\Behavior\UrldecodeGetBehavior [ RunTime:0.000221s ]
INFO: [ app_begin ] --END-- [ RunTime:0.002714s ]
NOTIC: [8] Undefined index: uid /home/www/blockgame.global/application/Common/Controller/HomebaseController.class.php 第 20 行.
NOTIC: [8] Undefined index: token /home/www/blockgame.global/application/Common/Controller/HomebaseController.class.php 第 23 行.
NOTIC: [8] Undefined index: uid /home/www/blockgame.global/application/Common/Controller/HomebaseController.class.php 第 33 行.
NOTIC: [8] Undefined index: code /home/www/blockgame.global/application/Common/Controller/HomebaseController.class.php 第 33 行.

[ 2019-04-08T17:16:14+08:00 ] 192.168.150.1 /
INFO: [ app_begin ] --START--
INFO: Run Behavior\ReadHtmlCacheBehavior [ RunTime:0.000900s ]
INFO: Run Behavior\CheckLangBehavior [ RunTime:0.001072s ]
INFO: Run Common\Behavior\UrldecodeGetBehavior [ RunTime:0.000428s ]
INFO: [ app_begin ] --END-- [ RunTime:0.002881s ]

[ 2019-04-08T17:16:15+08:00 ] 192.168.150.1 /
INFO: [ app_begin ] --START--
INFO: Run Behavior\ReadHtmlCacheBehavior [ RunTime:0.000824s ]
INFO: Run Behavior\CheckLangBehavior [ RunTime:0.001156s ]
INFO: Run Common\Behavior\UrldecodeGetBehavior [ RunTime:0.000365s ]
INFO: [ app_begin ] --END-- [ RunTime:0.002881s ]

[ 2019-04-08T17:16:51+08:00 ] 192.168.150.1 /
INFO: [ app_begin ] --START--
INFO: Run Behavior\ReadHtmlCacheBehavior [ RunTime:0.000576s ]
INFO: Run Behavior\CheckLangBehavior [ RunTime:0.001688s ]
INFO: Run Common\Behavior\UrldecodeGetBehavior [ RunTime:0.000780s ]
INFO: [ app_begin ] --END-- [ RunTime:0.004099s ]
NOTIC: [8] Undefined index: uid /home/www/blockgame.global/application/Common/Controller/HomebaseController.class.php 第 20 行.
NOTIC: [8] Undefined index: token /home/www/blockgame.global/application/Common/Controller/HomebaseController.class.php 第 23 行.

[ 2019-04-08T17:16:52+08:00 ] 192.168.150.1 /
INFO: [ app_begin ] --START--
INFO: Run Behavior\ReadHtmlCacheBehavior [ RunTime:0.000731s ]
INFO: Run Behavior\CheckLangBehavior [ RunTime:0.000964s ]
INFO: Run Common\Behavior\UrldecodeGetBehavior [ RunTime:0.000312s ]
INFO: [ app_begin ] --END-- [ RunTime:0.002404s ]
NOTIC: [8] Undefined index: uid /home/www/blockgame.global/application/Common/Controller/HomebaseController.class.php 第 20 行.
NOTIC: [8] Undefined index: token /home/www/blockgame.global/application/Common/Controller/HomebaseController.class.php 第 23 行.

[ 2019-04-08T17:16:52+08:00 ] 192.168.150.1 /
INFO: [ app_begin ] --START--
INFO: Run Behavior\ReadHtmlCacheBehavior [ RunTime:0.000732s ]
INFO: Run Behavior\CheckLangBehavior [ RunTime:0.000959s ]
INFO: Run Common\Behavior\UrldecodeGetBehavior [ RunTime:0.000367s ]
INFO: [ app_begin ] --END-- [ RunTime:0.002576s ]
NOTIC: [8] Undefined index: uid /home/www/blockgame.global/application/Common/Controller/HomebaseController.class.php 第 20 行.
NOTIC: [8] Undefined index: token /home/www/blockgame.global/application/Common/Controller/HomebaseController.class.php 第 23 行.

[ 2019-04-08T17:18:43+08:00 ] 192.168.150.1 /
INFO: [ app_begin ] --START--
INFO: Run Behavior\ReadHtmlCacheBehavior [ RunTime:0.000307s ]
INFO: Run Behavior\CheckLangBehavior [ RunTime:0.000378s ]
INFO: Run Common\Behavior\UrldecodeGetBehavior [ RunTime:0.000140s ]
INFO: [ app_begin ] --END-- [ RunTime:0.001045s ]
NOTIC: [8] Undefined index: uid /home/www/blockgame.global/application/Common/Controller/HomebaseController.class.php 第 20 行.
NOTIC: [8] Undefined index: token /home/www/blockgame.global/application/Common/Controller/HomebaseController.class.php 第 23 行.
NOTIC: [8] Undefined index: uid /home/www/blockgame.global/application/Common/Controller/HomebaseController.class.php 第 33 行.
NOTIC: [8] Undefined index: code /home/www/blockgame.global/application/Common/Controller/HomebaseController.class.php 第 33 行.
ERR: SQLSTATE[HY000] [1045] Access denied for user 'root'@'localhost' (using password: YES)

[ 2019-04-08T17:23:35+08:00 ] 192.168.150.1 /
INFO: [ app_begin ] --START--
INFO: Run Behavior\ReadHtmlCacheBehavior [ RunTime:0.000448s ]
INFO: Run Behavior\CheckLangBehavior [ RunTime:0.000401s ]
INFO: Run Common\Behavior\UrldecodeGetBehavior [ RunTime:0.000149s ]
INFO: [ app_begin ] --END-- [ RunTime:0.001444s ]
NOTIC: [8] Undefined index: uid /home/www/blockgame.global/application/Common/Controller/HomebaseController.class.php 第 20 行.
NOTIC: [8] Undefined index: token /home/www/blockgame.global/application/Common/Controller/HomebaseController.class.php 第 23 行.
NOTIC: [8] Undefined index: uid /home/www/blockgame.global/application/Common/Controller/HomebaseController.class.php 第 33 行.
NOTIC: [8] Undefined index: code /home/www/blockgame.global/application/Common/Controller/HomebaseController.class.php 第 33 行.
ERR: SQLSTATE[HY000] [1045] Access denied for user 'root'@'localhost' (using password: YES)

[ 2019-04-08T17:23:35+08:00 ] 192.168.150.1 /
INFO: [ app_begin ] --START--
INFO: Run Behavior\ReadHtmlCacheBehavior [ RunTime:0.000505s ]
INFO: Run Behavior\CheckLangBehavior [ RunTime:0.000363s ]
INFO: Run Common\Behavior\UrldecodeGetBehavior [ RunTime:0.000136s ]
INFO: [ app_begin ] --END-- [ RunTime:0.001390s ]
NOTIC: [8] Undefined index: uid /home/www/blockgame.global/application/Common/Controller/HomebaseController.class.php 第 20 行.
NOTIC: [8] Undefined index: token /home/www/blockgame.global/application/Common/Controller/HomebaseController.class.php 第 23 行.
NOTIC: [8] Undefined index: uid /home/www/blockgame.global/application/Common/Controller/HomebaseController.class.php 第 33 行.
NOTIC: [8] Undefined index: code /home/www/blockgame.global/application/Common/Controller/HomebaseController.class.php 第 33 行.
ERR: SQLSTATE[HY000] [1045] Access denied for user 'root'@'localhost' (using password: YES)

[ 2019-04-08T17:23:35+08:00 ] 192.168.150.1 /
INFO: [ app_begin ] --START--
INFO: Run Behavior\ReadHtmlCacheBehavior [ RunTime:0.000701s ]
INFO: Run Behavior\CheckLangBehavior [ RunTime:0.000979s ]
INFO: Run Common\Behavior\UrldecodeGetBehavior [ RunTime:0.000411s ]
INFO: [ app_begin ] --END-- [ RunTime:0.002570s ]
NOTIC: [8] Undefined index: uid /home/www/blockgame.global/application/Common/Controller/HomebaseController.class.php 第 20 行.
NOTIC: [8] Undefined index: token /home/www/blockgame.global/application/Common/Controller/HomebaseController.class.php 第 23 行.
NOTIC: [8] Undefined index: uid /home/www/blockgame.global/application/Common/Controller/HomebaseController.class.php 第 33 行.
NOTIC: [8] Undefined index: code /home/www/blockgame.global/application/Common/Controller/HomebaseController.class.php 第 33 行.
ERR: SQLSTATE[HY000] [1045] Access denied for user 'root'@'localhost' (using password: YES)

[ 2019-04-08T17:23:36+08:00 ] 192.168.150.1 /
INFO: [ app_begin ] --START--
INFO: Run Behavior\ReadHtmlCacheBehavior [ RunTime:0.000840s ]
INFO: Run Behavior\CheckLangBehavior [ RunTime:0.001011s ]
INFO: Run Common\Behavior\UrldecodeGetBehavior [ RunTime:0.000330s ]
INFO: [ app_begin ] --END-- [ RunTime:0.002641s ]
NOTIC: [8] Undefined index: uid /home/www/blockgame.global/application/Common/Controller/HomebaseController.class.php 第 20 行.
NOTIC: [8] Undefined index: token /home/www/blockgame.global/application/Common/Controller/HomebaseController.class.php 第 23 行.
NOTIC: [8] Undefined index: uid /home/www/blockgame.global/application/Common/Controller/HomebaseController.class.php 第 33 行.
NOTIC: [8] Undefined index: code /home/www/blockgame.global/application/Common/Controller/HomebaseController.class.php 第 33 行.
ERR: SQLSTATE[HY000] [1045] Access denied for user 'root'@'localhost' (using password: YES)

[ 2019-04-08T17:23:36+08:00 ] 192.168.150.1 /
INFO: [ app_begin ] --START--
INFO: Run Behavior\ReadHtmlCacheBehavior [ RunTime:0.000801s ]
INFO: Run Behavior\CheckLangBehavior [ RunTime:0.000943s ]
INFO: Run Common\Behavior\UrldecodeGetBehavior [ RunTime:0.000310s ]
INFO: [ app_begin ] --END-- [ RunTime:0.002481s ]
NOTIC: [8] Undefined index: uid /home/www/blockgame.global/application/Common/Controller/HomebaseController.class.php 第 20 行.
NOTIC: [8] Undefined index: token /home/www/blockgame.global/application/Common/Controller/HomebaseController.class.php 第 23 行.
NOTIC: [8] Undefined index: uid /home/www/blockgame.global/application/Common/Controller/HomebaseController.class.php 第 33 行.
NOTIC: [8] Undefined index: code /home/www/blockgame.global/application/Common/Controller/HomebaseController.class.php 第 33 行.
ERR: SQLSTATE[HY000] [1045] Access denied for user 'root'@'localhost' (using password: YES)

[ 2019-04-08T17:23:36+08:00 ] 192.168.150.1 /
INFO: [ app_begin ] --START--
INFO: Run Behavior\ReadHtmlCacheBehavior [ RunTime:0.000900s ]
INFO: Run Behavior\CheckLangBehavior [ RunTime:0.000752s ]
INFO: Run Common\Behavior\UrldecodeGetBehavior [ RunTime:0.000153s ]
INFO: [ app_begin ] --END-- [ RunTime:0.002291s ]
NOTIC: [8] Undefined index: uid /home/www/blockgame.global/application/Common/Controller/HomebaseController.class.php 第 20 行.
NOTIC: [8] Undefined index: token /home/www/blockgame.global/application/Common/Controller/HomebaseController.class.php 第 23 行.
NOTIC: [8] Undefined index: uid /home/www/blockgame.global/application/Common/Controller/HomebaseController.class.php 第 33 行.
NOTIC: [8] Undefined index: code /home/www/blockgame.global/application/Common/Controller/HomebaseController.class.php 第 33 行.
ERR: SQLSTATE[HY000] [1045] Access denied for user 'root'@'localhost' (using password: YES)

[ 2019-04-08T17:23:36+08:00 ] 192.168.150.1 /
INFO: [ app_begin ] --START--
INFO: Run Behavior\ReadHtmlCacheBehavior [ RunTime:0.000728s ]
INFO: Run Behavior\CheckLangBehavior [ RunTime:0.000980s ]
INFO: Run Common\Behavior\UrldecodeGetBehavior [ RunTime:0.000301s ]
INFO: [ app_begin ] --END-- [ RunTime:0.002482s ]
NOTIC: [8] Undefined index: uid /home/www/blockgame.global/application/Common/Controller/HomebaseController.class.php 第 20 行.
NOTIC: [8] Undefined index: token /home/www/blockgame.global/application/Common/Controller/HomebaseController.class.php 第 23 行.
NOTIC: [8] Undefined index: uid /home/www/blockgame.global/application/Common/Controller/HomebaseController.class.php 第 33 行.
NOTIC: [8] Undefined index: code /home/www/blockgame.global/application/Common/Controller/HomebaseController.class.php 第 33 行.
ERR: SQLSTATE[HY000] [1045] Access denied for user 'root'@'localhost' (using password: YES)

[ 2019-04-08T17:24:12+08:00 ] 192.168.150.1 /
INFO: [ app_begin ] --START--
INFO: Run Behavior\ReadHtmlCacheBehavior [ RunTime:0.000775s ]
INFO: Run Behavior\CheckLangBehavior [ RunTime:0.000958s ]
INFO: Run Common\Behavior\UrldecodeGetBehavior [ RunTime:0.000319s ]
INFO: [ app_begin ] --END-- [ RunTime:0.002469s ]
NOTIC: [2] Use of undefined constant SAE_MYSQL_HOST_M - assumed 'SAE_MYSQL_HOST_M' (this will throw an Error in a future version of PHP) /home/www/blockgame.global/application/Common/Controller/HomebaseController.class.php 第 19 行.
NOTIC: [2] Use of undefined constant SAE_MYSQL_DB - assumed 'SAE_MYSQL_DB' (this will throw an Error in a future version of PHP) /home/www/blockgame.global/application/Common/Controller/HomebaseController.class.php 第 19 行.
NOTIC: [2] Use of undefined constant SAE_MYSQL_USER - assumed 'SAE_MYSQL_USER' (this will throw an Error in a future version of PHP) /home/www/blockgame.global/application/Common/Controller/HomebaseController.class.php 第 19 行.
NOTIC: [2] Use of undefined constant SAE_MYSQL_PASS - assumed 'SAE_MYSQL_PASS' (this will throw an Error in a future version of PHP) /home/www/blockgame.global/application/Common/Controller/HomebaseController.class.php 第 19 行.
NOTIC: [2] Use of undefined constant SAE_MYSQL_PORT - assumed 'SAE_MYSQL_PORT' (this will throw an Error in a future version of PHP) /home/www/blockgame.global/application/Common/Controller/HomebaseController.class.php 第 19 行.

[ 2019-04-08T17:24:12+08:00 ] 192.168.150.1 /
INFO: [ app_begin ] --START--
INFO: Run Behavior\ReadHtmlCacheBehavior [ RunTime:0.000836s ]
INFO: Run Behavior\CheckLangBehavior [ RunTime:0.001104s ]
INFO: Run Common\Behavior\UrldecodeGetBehavior [ RunTime:0.000356s ]
INFO: [ app_begin ] --END-- [ RunTime:0.002761s ]
NOTIC: [2] Use of undefined constant SAE_MYSQL_HOST_M - assumed 'SAE_MYSQL_HOST_M' (this will throw an Error in a future version of PHP) /home/www/blockgame.global/application/Common/Controller/HomebaseController.class.php 第 19 行.
NOTIC: [2] Use of undefined constant SAE_MYSQL_DB - assumed 'SAE_MYSQL_DB' (this will throw an Error in a future version of PHP) /home/www/blockgame.global/application/Common/Controller/HomebaseController.class.php 第 19 行.
NOTIC: [2] Use of undefined constant SAE_MYSQL_USER - assumed 'SAE_MYSQL_USER' (this will throw an Error in a future version of PHP) /home/www/blockgame.global/application/Common/Controller/HomebaseController.class.php 第 19 行.
NOTIC: [2] Use of undefined constant SAE_MYSQL_PASS - assumed 'SAE_MYSQL_PASS' (this will throw an Error in a future version of PHP) /home/www/blockgame.global/application/Common/Controller/HomebaseController.class.php 第 19 行.
NOTIC: [2] Use of undefined constant SAE_MYSQL_PORT - assumed 'SAE_MYSQL_PORT' (this will throw an Error in a future version of PHP) /home/www/blockgame.global/application/Common/Controller/HomebaseController.class.php 第 19 行.

[ 2019-04-08T17:24:12+08:00 ] 192.168.150.1 /
INFO: [ app_begin ] --START--
INFO: Run Behavior\ReadHtmlCacheBehavior [ RunTime:0.000501s ]
INFO: Run Behavior\CheckLangBehavior [ RunTime:0.000504s ]
INFO: Run Common\Behavior\UrldecodeGetBehavior [ RunTime:0.000145s ]
INFO: [ app_begin ] --END-- [ RunTime:0.001409s ]
NOTIC: [2] Use of undefined constant SAE_MYSQL_HOST_M - assumed 'SAE_MYSQL_HOST_M' (this will throw an Error in a future version of PHP) /home/www/blockgame.global/application/Common/Controller/HomebaseController.class.php 第 19 行.
NOTIC: [2] Use of undefined constant SAE_MYSQL_DB - assumed 'SAE_MYSQL_DB' (this will throw an Error in a future version of PHP) /home/www/blockgame.global/application/Common/Controller/HomebaseController.class.php 第 19 行.
NOTIC: [2] Use of undefined constant SAE_MYSQL_USER - assumed 'SAE_MYSQL_USER' (this will throw an Error in a future version of PHP) /home/www/blockgame.global/application/Common/Controller/HomebaseController.class.php 第 19 行.
NOTIC: [2] Use of undefined constant SAE_MYSQL_PASS - assumed 'SAE_MYSQL_PASS' (this will throw an Error in a future version of PHP) /home/www/blockgame.global/application/Common/Controller/HomebaseController.class.php 第 19 行.
NOTIC: [2] Use of undefined constant SAE_MYSQL_PORT - assumed 'SAE_MYSQL_PORT' (this will throw an Error in a future version of PHP) /home/www/blockgame.global/application/Common/Controller/HomebaseController.class.php 第 19 行.

[ 2019-04-08T17:24:12+08:00 ] 192.168.150.1 /
INFO: [ app_begin ] --START--
INFO: Run Behavior\ReadHtmlCacheBehavior [ RunTime:0.000866s ]
INFO: Run Behavior\CheckLangBehavior [ RunTime:0.000998s ]
INFO: Run Common\Behavior\UrldecodeGetBehavior [ RunTime:0.000251s ]
INFO: [ app_begin ] --END-- [ RunTime:0.002577s ]
NOTIC: [2] Use of undefined constant SAE_MYSQL_HOST_M - assumed 'SAE_MYSQL_HOST_M' (this will throw an Error in a future version of PHP) /home/www/blockgame.global/application/Common/Controller/HomebaseController.class.php 第 19 行.
NOTIC: [2] Use of undefined constant SAE_MYSQL_DB - assumed 'SAE_MYSQL_DB' (this will throw an Error in a future version of PHP) /home/www/blockgame.global/application/Common/Controller/HomebaseController.class.php 第 19 行.
NOTIC: [2] Use of undefined constant SAE_MYSQL_USER - assumed 'SAE_MYSQL_USER' (this will throw an Error in a future version of PHP) /home/www/blockgame.global/application/Common/Controller/HomebaseController.class.php 第 19 行.
NOTIC: [2] Use of undefined constant SAE_MYSQL_PASS - assumed 'SAE_MYSQL_PASS' (this will throw an Error in a future version of PHP) /home/www/blockgame.global/application/Common/Controller/HomebaseController.class.php 第 19 行.
NOTIC: [2] Use of undefined constant SAE_MYSQL_PORT - assumed 'SAE_MYSQL_PORT' (this will throw an Error in a future version of PHP) /home/www/blockgame.global/application/Common/Controller/HomebaseController.class.php 第 19 行.

[ 2019-04-08T17:28:15+08:00 ] 192.168.150.1 /
INFO: [ app_begin ] --START--
INFO: Run Behavior\ReadHtmlCacheBehavior [ RunTime:0.000470s ]
INFO: Run Behavior\CheckLangBehavior [ RunTime:0.001000s ]
INFO: Run Common\Behavior\UrldecodeGetBehavior [ RunTime:0.000326s ]
INFO: [ app_begin ] --END-- [ RunTime:0.002229s ]
NOTIC: [8] Undefined index: uid /home/www/blockgame.global/application/Common/Controller/HomebaseController.class.php 第 20 行.
NOTIC: [8] Undefined index: token /home/www/blockgame.global/application/Common/Controller/HomebaseController.class.php 第 23 行.
NOTIC: [8] Undefined index: uid /home/www/blockgame.global/application/Common/Controller/HomebaseController.class.php 第 33 行.
NOTIC: [8] Undefined index: code /home/www/blockgame.global/application/Common/Controller/HomebaseController.class.php 第 33 行.
ERR: SQLSTATE[HY000] [1045] Access denied for user 'root'@'localhost' (using password: YES)

[ 2019-04-08T17:34:34+08:00 ] 192.168.150.1 /
INFO: [ app_begin ] --START--
INFO: Run Behavior\ReadHtmlCacheBehavior [ RunTime:0.000729s ]
INFO: Run Behavior\CheckLangBehavior [ RunTime:0.001003s ]
INFO: Run Common\Behavior\UrldecodeGetBehavior [ RunTime:0.000306s ]
INFO: [ app_begin ] --END-- [ RunTime:0.002472s ]
NOTIC: [8] Undefined index: uid /home/www/blockgame.global/application/Common/Controller/HomebaseController.class.php 第 20 行.
NOTIC: [8] Undefined index: token /home/www/blockgame.global/application/Common/Controller/HomebaseController.class.php 第 23 行.
NOTIC: [8] Undefined index: uid /home/www/blockgame.global/application/Common/Controller/HomebaseController.class.php 第 33 行.
NOTIC: [8] Undefined index: code /home/www/blockgame.global/application/Common/Controller/HomebaseController.class.php 第 33 行.
ERR: SQLSTATE[HY000] [1045] Access denied for user 'root'@'localhost' (using password: YES)

[ 2019-04-08T17:34:35+08:00 ] 192.168.150.1 /
INFO: [ app_begin ] --START--
INFO: Run Behavior\ReadHtmlCacheBehavior [ RunTime:0.001263s ]
INFO: Run Behavior\CheckLangBehavior [ RunTime:0.001719s ]
INFO: Run Common\Behavior\UrldecodeGetBehavior [ RunTime:0.000624s ]
INFO: [ app_begin ] --END-- [ RunTime:0.004375s ]
NOTIC: [8] Undefined index: uid /home/www/blockgame.global/application/Common/Controller/HomebaseController.class.php 第 20 行.
NOTIC: [8] Undefined index: token /home/www/blockgame.global/application/Common/Controller/HomebaseController.class.php 第 23 行.
NOTIC: [8] Undefined index: uid /home/www/blockgame.global/application/Common/Controller/HomebaseController.class.php 第 33 行.
NOTIC: [8] Undefined index: code /home/www/blockgame.global/application/Common/Controller/HomebaseController.class.php 第 33 行.
ERR: SQLSTATE[HY000] [1045] Access denied for user 'root'@'localhost' (using password: YES)

[ 2019-04-08T17:34:35+08:00 ] 192.168.150.1 /
INFO: [ app_begin ] --START--
INFO: Run Behavior\ReadHtmlCacheBehavior [ RunTime:0.000892s ]
INFO: Run Behavior\CheckLangBehavior [ RunTime:0.001191s ]
INFO: Run Common\Behavior\UrldecodeGetBehavior [ RunTime:0.000379s ]
INFO: [ app_begin ] --END-- [ RunTime:0.003004s ]
NOTIC: [8] Undefined index: uid /home/www/blockgame.global/application/Common/Controller/HomebaseController.class.php 第 20 行.
NOTIC: [8] Undefined index: token /home/www/blockgame.global/application/Common/Controller/HomebaseController.class.php 第 23 行.
NOTIC: [8] Undefined index: uid /home/www/blockgame.global/application/Common/Controller/HomebaseController.class.php 第 33 行.
NOTIC: [8] Undefined index: code /home/www/blockgame.global/application/Common/Controller/HomebaseController.class.php 第 33 行.
ERR: SQLSTATE[HY000] [1045] Access denied for user 'root'@'localhost' (using password: YES)

[ 2019-04-08T17:34:35+08:00 ] 192.168.150.1 /
INFO: [ app_begin ] --START--
INFO: Run Behavior\ReadHtmlCacheBehavior [ RunTime:0.000294s ]
INFO: Run Behavior\CheckLangBehavior [ RunTime:0.000467s ]
INFO: Run Common\Behavior\UrldecodeGetBehavior [ RunTime:0.000362s ]
INFO: [ app_begin ] --END-- [ RunTime:0.001345s ]
NOTIC: [8] Undefined index: uid /home/www/blockgame.global/application/Common/Controller/HomebaseController.class.php 第 20 行.
NOTIC: [8] Undefined index: token /home/www/blockgame.global/application/Common/Controller/HomebaseController.class.php 第 23 行.
NOTIC: [8] Undefined index: uid /home/www/blockgame.global/application/Common/Controller/HomebaseController.class.php 第 33 行.
NOTIC: [8] Undefined index: code /home/www/blockgame.global/application/Common/Controller/HomebaseController.class.php 第 33 行.
ERR: SQLSTATE[HY000] [1045] Access denied for user 'root'@'localhost' (using password: YES)

[ 2019-04-08T17:34:35+08:00 ] 192.168.150.1 /
INFO: [ app_begin ] --START--
INFO: Run Behavior\ReadHtmlCacheBehavior [ RunTime:0.001071s ]
INFO: Run Behavior\CheckLangBehavior [ RunTime:0.000615s ]
INFO: Run Common\Behavior\UrldecodeGetBehavior [ RunTime:0.000272s ]
INFO: [ app_begin ] --END-- [ RunTime:0.002503s ]
NOTIC: [8] Undefined index: uid /home/www/blockgame.global/application/Common/Controller/HomebaseController.class.php 第 20 行.
NOTIC: [8] Undefined index: token /home/www/blockgame.global/application/Common/Controller/HomebaseController.class.php 第 23 行.
NOTIC: [8] Undefined index: uid /home/www/blockgame.global/application/Common/Controller/HomebaseController.class.php 第 33 行.
NOTIC: [8] Undefined index: code /home/www/blockgame.global/application/Common/Controller/HomebaseController.class.php 第 33 行.
ERR: SQLSTATE[HY000] [1045] Access denied for user 'root'@'localhost' (using password: YES)

[ 2019-04-08T17:34:35+08:00 ] 192.168.150.1 /
INFO: [ app_begin ] --START--
INFO: Run Behavior\ReadHtmlCacheBehavior [ RunTime:0.000308s ]
INFO: Run Behavior\CheckLangBehavior [ RunTime:0.000477s ]
INFO: Run Common\Behavior\UrldecodeGetBehavior [ RunTime:0.000192s ]
INFO: [ app_begin ] --END-- [ RunTime:0.001186s ]
NOTIC: [8] Undefined index: uid /home/www/blockgame.global/application/Common/Controller/HomebaseController.class.php 第 20 行.
NOTIC: [8] Undefined index: token /home/www/blockgame.global/application/Common/Controller/HomebaseController.class.php 第 23 行.
NOTIC: [8] Undefined index: uid /home/www/blockgame.global/application/Common/Controller/HomebaseController.class.php 第 33 行.
NOTIC: [8] Undefined index: code /home/www/blockgame.global/application/Common/Controller/HomebaseController.class.php 第 33 行.
ERR: SQLSTATE[HY000] [1045] Access denied for user 'root'@'localhost' (using password: YES)

[ 2019-04-08T17:34:35+08:00 ] 192.168.150.1 /
INFO: [ app_begin ] --START--
INFO: Run Behavior\ReadHtmlCacheBehavior [ RunTime:0.000743s ]
INFO: Run Behavior\CheckLangBehavior [ RunTime:0.000915s ]
INFO: Run Common\Behavior\UrldecodeGetBehavior [ RunTime:0.000412s ]
INFO: [ app_begin ] --END-- [ RunTime:0.002624s ]
NOTIC: [8] Undefined index: uid /home/www/blockgame.global/application/Common/Controller/HomebaseController.class.php 第 20 行.
NOTIC: [8] Undefined index: token /home/www/blockgame.global/application/Common/Controller/HomebaseController.class.php 第 23 行.
NOTIC: [8] Undefined index: uid /home/www/blockgame.global/application/Common/Controller/HomebaseController.class.php 第 33 行.
NOTIC: [8] Undefined index: code /home/www/blockgame.global/application/Common/Controller/HomebaseController.class.php 第 33 行.
ERR: SQLSTATE[HY000] [1045] Access denied for user 'root'@'localhost' (using password: YES)

[ 2019-04-08T17:34:37+08:00 ] 192.168.150.1 /
INFO: [ app_begin ] --START--
INFO: Run Behavior\ReadHtmlCacheBehavior [ RunTime:0.000935s ]
INFO: Run Behavior\CheckLangBehavior [ RunTime:0.000362s ]
INFO: Run Common\Behavior\UrldecodeGetBehavior [ RunTime:0.000135s ]
INFO: [ app_begin ] --END-- [ RunTime:0.001893s ]
NOTIC: [8] Undefined index: uid /home/www/blockgame.global/application/Common/Controller/HomebaseController.class.php 第 20 行.
NOTIC: [8] Undefined index: token /home/www/blockgame.global/application/Common/Controller/HomebaseController.class.php 第 23 行.
NOTIC: [8] Undefined index: uid /home/www/blockgame.global/application/Common/Controller/HomebaseController.class.php 第 33 行.
NOTIC: [8] Undefined index: code /home/www/blockgame.global/application/Common/Controller/HomebaseController.class.php 第 33 行.
ERR: SQLSTATE[HY000] [1045] Access denied for user 'root'@'localhost' (using password: YES)

[ 2019-04-08T17:34:37+08:00 ] 192.168.150.1 /
INFO: [ app_begin ] --START--
INFO: Run Behavior\ReadHtmlCacheBehavior [ RunTime:0.000395s ]
INFO: Run Behavior\CheckLangBehavior [ RunTime:0.000461s ]
INFO: Run Common\Behavior\UrldecodeGetBehavior [ RunTime:0.000174s ]
INFO: [ app_begin ] --END-- [ RunTime:0.001267s ]
NOTIC: [8] Undefined index: uid /home/www/blockgame.global/application/Common/Controller/HomebaseController.class.php 第 20 行.
NOTIC: [8] Undefined index: token /home/www/blockgame.global/application/Common/Controller/HomebaseController.class.php 第 23 行.
NOTIC: [8] Undefined index: uid /home/www/blockgame.global/application/Common/Controller/HomebaseController.class.php 第 33 行.
NOTIC: [8] Undefined index: code /home/www/blockgame.global/application/Common/Controller/HomebaseController.class.php 第 33 行.
ERR: SQLSTATE[HY000] [1045] Access denied for user 'root'@'localhost' (using password: YES)

[ 2019-04-08T17:34:37+08:00 ] 192.168.150.1 /
INFO: [ app_begin ] --START--
INFO: Run Behavior\ReadHtmlCacheBehavior [ RunTime:0.000266s ]
INFO: Run Behavior\CheckLangBehavior [ RunTime:0.000345s ]
INFO: Run Common\Behavior\UrldecodeGetBehavior [ RunTime:0.000128s ]
INFO: [ app_begin ] --END-- [ RunTime:0.000989s ]
NOTIC: [8] Undefined index: uid /home/www/blockgame.global/application/Common/Controller/HomebaseController.class.php 第 20 行.
NOTIC: [8] Undefined index: token /home/www/blockgame.global/application/Common/Controller/HomebaseController.class.php 第 23 行.
NOTIC: [8] Undefined index: uid /home/www/blockgame.global/application/Common/Controller/HomebaseController.class.php 第 33 行.
NOTIC: [8] Undefined index: code /home/www/blockgame.global/application/Common/Controller/HomebaseController.class.php 第 33 行.
ERR: SQLSTATE[HY000] [1045] Access denied for user 'root'@'localhost' (using password: YES)

[ 2019-04-08T17:34:38+08:00 ] 192.168.150.1 /
INFO: [ app_begin ] --START--
INFO: Run Behavior\ReadHtmlCacheBehavior [ RunTime:0.000316s ]
INFO: Run Behavior\CheckLangBehavior [ RunTime:0.000457s ]
INFO: Run Common\Behavior\UrldecodeGetBehavior [ RunTime:0.000154s ]
INFO: [ app_begin ] --END-- [ RunTime:0.001147s ]
NOTIC: [8] Undefined index: uid /home/www/blockgame.global/application/Common/Controller/HomebaseController.class.php 第 20 行.
NOTIC: [8] Undefined index: token /home/www/blockgame.global/application/Common/Controller/HomebaseController.class.php 第 23 行.
NOTIC: [8] Undefined index: uid /home/www/blockgame.global/application/Common/Controller/HomebaseController.class.php 第 33 行.
NOTIC: [8] Undefined index: code /home/www/blockgame.global/application/Common/Controller/HomebaseController.class.php 第 33 行.
ERR: SQLSTATE[HY000] [1045] Access denied for user 'root'@'localhost' (using password: YES)

[ 2019-04-08T17:34:38+08:00 ] 192.168.150.1 /
INFO: [ app_begin ] --START--
INFO: Run Behavior\ReadHtmlCacheBehavior [ RunTime:0.000310s ]
INFO: Run Behavior\CheckLangBehavior [ RunTime:0.000490s ]
INFO: Run Common\Behavior\UrldecodeGetBehavior [ RunTime:0.000158s ]
INFO: [ app_begin ] --END-- [ RunTime:0.001176s ]
NOTIC: [8] Undefined index: uid /home/www/blockgame.global/application/Common/Controller/HomebaseController.class.php 第 20 行.
NOTIC: [8] Undefined index: token /home/www/blockgame.global/application/Common/Controller/HomebaseController.class.php 第 23 行.
NOTIC: [8] Undefined index: uid /home/www/blockgame.global/application/Common/Controller/HomebaseController.class.php 第 33 行.
NOTIC: [8] Undefined index: code /home/www/blockgame.global/application/Common/Controller/HomebaseController.class.php 第 33 行.
ERR: SQLSTATE[HY000] [1045] Access denied for user 'root'@'localhost' (using password: YES)

[ 2019-04-08T17:34:38+08:00 ] 192.168.150.1 /
INFO: [ app_begin ] --START--
INFO: Run Behavior\ReadHtmlCacheBehavior [ RunTime:0.000257s ]
INFO: Run Behavior\CheckLangBehavior [ RunTime:0.000489s ]
INFO: Run Common\Behavior\UrldecodeGetBehavior [ RunTime:0.000265s ]
INFO: [ app_begin ] --END-- [ RunTime:0.001202s ]
NOTIC: [8] Undefined index: uid /home/www/blockgame.global/application/Common/Controller/HomebaseController.class.php 第 20 行.
NOTIC: [8] Undefined index: token /home/www/blockgame.global/application/Common/Controller/HomebaseController.class.php 第 23 行.
NOTIC: [8] Undefined index: uid /home/www/blockgame.global/application/Common/Controller/HomebaseController.class.php 第 33 行.
NOTIC: [8] Undefined index: code /home/www/blockgame.global/application/Common/Controller/HomebaseController.class.php 第 33 行.
ERR: SQLSTATE[HY000] [1045] Access denied for user 'root'@'localhost' (using password: YES)

[ 2019-04-08T17:34:38+08:00 ] 192.168.150.1 /
INFO: [ app_begin ] --START--
INFO: Run Behavior\ReadHtmlCacheBehavior [ RunTime:0.000294s ]
INFO: Run Behavior\CheckLangBehavior [ RunTime:0.000352s ]
INFO: Run Common\Behavior\UrldecodeGetBehavior [ RunTime:0.000128s ]
INFO: [ app_begin ] --END-- [ RunTime:0.000948s ]
NOTIC: [8] Undefined index: uid /home/www/blockgame.global/application/Common/Controller/HomebaseController.class.php 第 20 行.
NOTIC: [8] Undefined index: token /home/www/blockgame.global/application/Common/Controller/HomebaseController.class.php 第 23 行.
NOTIC: [8] Undefined index: uid /home/www/blockgame.global/application/Common/Controller/HomebaseController.class.php 第 33 行.
NOTIC: [8] Undefined index: code /home/www/blockgame.global/application/Common/Controller/HomebaseController.class.php 第 33 行.
ERR: SQLSTATE[HY000] [1045] Access denied for user 'root'@'localhost' (using password: YES)

[ 2019-04-08T17:34:38+08:00 ] 192.168.150.1 /
INFO: [ app_begin ] --START--
INFO: Run Behavior\ReadHtmlCacheBehavior [ RunTime:0.000256s ]
INFO: Run Behavior\CheckLangBehavior [ RunTime:0.000397s ]
INFO: Run Common\Behavior\UrldecodeGetBehavior [ RunTime:0.000133s ]
INFO: [ app_begin ] --END-- [ RunTime:0.000960s ]
NOTIC: [8] Undefined index: uid /home/www/blockgame.global/application/Common/Controller/HomebaseController.class.php 第 20 行.
NOTIC: [8] Undefined index: token /home/www/blockgame.global/application/Common/Controller/HomebaseController.class.php 第 23 行.
NOTIC: [8] Undefined index: uid /home/www/blockgame.global/application/Common/Controller/HomebaseController.class.php 第 33 行.
NOTIC: [8] Undefined index: code /home/www/blockgame.global/application/Common/Controller/HomebaseController.class.php 第 33 行.
ERR: SQLSTATE[HY000] [1045] Access denied for user 'root'@'localhost' (using password: YES)

[ 2019-04-08T17:34:57+08:00 ] 192.168.150.1 /
INFO: [ app_begin ] --START--
INFO: Run Behavior\ReadHtmlCacheBehavior [ RunTime:0.001276s ]
INFO: Run Behavior\CheckLangBehavior [ RunTime:0.001728s ]
INFO: Run Common\Behavior\UrldecodeGetBehavior [ RunTime:0.000549s ]
INFO: [ app_begin ] --END-- [ RunTime:0.004000s ]
NOTIC: [8] Undefined index: uid /home/www/blockgame.global/application/Common/Controller/HomebaseController.class.php 第 20 行.
NOTIC: [8] Undefined index: token /home/www/blockgame.global/application/Common/Controller/HomebaseController.class.php 第 23 行.
NOTIC: [8] Undefined index: uid /home/www/blockgame.global/application/Common/Controller/HomebaseController.class.php 第 33 行.
NOTIC: [8] Undefined index: code /home/www/blockgame.global/application/Common/Controller/HomebaseController.class.php 第 33 行.
ERR: SQLSTATE[HY000] [1045] Access denied for user 'root'@'localhost' (using password: YES)

[ 2019-04-08T17:41:47+08:00 ] 192.168.150.1 /
INFO: [ app_begin ] --START--
INFO: Run Behavior\ReadHtmlCacheBehavior [ RunTime:0.000414s ]
INFO: Run Behavior\CheckLangBehavior [ RunTime:0.000376s ]
INFO: Run Common\Behavior\UrldecodeGetBehavior [ RunTime:0.000141s ]
INFO: [ app_begin ] --END-- [ RunTime:0.001341s ]
NOTIC: [8] Undefined index: uid /home/www/blockgame.global/application/Common/Controller/HomebaseController.class.php 第 20 行.
NOTIC: [8] Undefined index: token /home/www/blockgame.global/application/Common/Controller/HomebaseController.class.php 第 23 行.
NOTIC: [8] Undefined index: uid /home/www/blockgame.global/application/Common/Controller/HomebaseController.class.php 第 33 行.
NOTIC: [8] Undefined index: code /home/www/blockgame.global/application/Common/Controller/HomebaseController.class.php 第 33 行.
ERR: SQLSTATE[HY000] [1045] Access denied for user 'root'@'localhost' (using password: YES)

[ 2019-04-08T17:41:48+08:00 ] 192.168.150.1 /
INFO: [ app_begin ] --START--
INFO: Run Behavior\ReadHtmlCacheBehavior [ RunTime:0.000747s ]
INFO: Run Behavior\CheckLangBehavior [ RunTime:0.000939s ]
INFO: Run Common\Behavior\UrldecodeGetBehavior [ RunTime:0.000312s ]
INFO: [ app_begin ] --END-- [ RunTime:0.002407s ]
NOTIC: [8] Undefined index: uid /home/www/blockgame.global/application/Common/Controller/HomebaseController.class.php 第 20 行.
NOTIC: [8] Undefined index: token /home/www/blockgame.global/application/Common/Controller/HomebaseController.class.php 第 23 行.
NOTIC: [8] Undefined index: uid /home/www/blockgame.global/application/Common/Controller/HomebaseController.class.php 第 33 行.
NOTIC: [8] Undefined index: code /home/www/blockgame.global/application/Common/Controller/HomebaseController.class.php 第 33 行.
ERR: SQLSTATE[HY000] [1045] Access denied for user 'root'@'localhost' (using password: YES)

[ 2019-04-08T17:41:48+08:00 ] 192.168.150.1 /
INFO: [ app_begin ] --START--
INFO: Run Behavior\ReadHtmlCacheBehavior [ RunTime:0.000284s ]
INFO: Run Behavior\CheckLangBehavior [ RunTime:0.000374s ]
INFO: Run Common\Behavior\UrldecodeGetBehavior [ RunTime:0.000135s ]
INFO: [ app_begin ] --END-- [ RunTime:0.000991s ]
NOTIC: [8] Undefined index: uid /home/www/blockgame.global/application/Common/Controller/HomebaseController.class.php 第 20 行.
NOTIC: [8] Undefined index: token /home/www/blockgame.global/application/Common/Controller/HomebaseController.class.php 第 23 行.
NOTIC: [8] Undefined index: uid /home/www/blockgame.global/application/Common/Controller/HomebaseController.class.php 第 33 行.
NOTIC: [8] Undefined index: code /home/www/blockgame.global/application/Common/Controller/HomebaseController.class.php 第 33 行.
ERR: SQLSTATE[HY000] [1045] Access denied for user 'root'@'localhost' (using password: YES)

[ 2019-04-08T17:41:48+08:00 ] 192.168.150.1 /
INFO: [ app_begin ] --START--
INFO: Run Behavior\ReadHtmlCacheBehavior [ RunTime:0.000390s ]
INFO: Run Behavior\CheckLangBehavior [ RunTime:0.000465s ]
INFO: Run Common\Behavior\UrldecodeGetBehavior [ RunTime:0.000218s ]
INFO: [ app_begin ] --END-- [ RunTime:0.001307s ]
NOTIC: [8] Undefined index: uid /home/www/blockgame.global/application/Common/Controller/HomebaseController.class.php 第 20 行.
NOTIC: [8] Undefined index: token /home/www/blockgame.global/application/Common/Controller/HomebaseController.class.php 第 23 行.
NOTIC: [8] Undefined index: uid /home/www/blockgame.global/application/Common/Controller/HomebaseController.class.php 第 33 行.
NOTIC: [8] Undefined index: code /home/www/blockgame.global/application/Common/Controller/HomebaseController.class.php 第 33 行.
ERR: SQLSTATE[HY000] [1045] Access denied for user 'root'@'localhost' (using password: YES)

[ 2019-04-08T17:41:48+08:00 ] 192.168.150.1 /
INFO: [ app_begin ] --START--
INFO: Run Behavior\ReadHtmlCacheBehavior [ RunTime:0.000327s ]
INFO: Run Behavior\CheckLangBehavior [ RunTime:0.000386s ]
INFO: Run Common\Behavior\UrldecodeGetBehavior [ RunTime:0.000143s ]
INFO: [ app_begin ] --END-- [ RunTime:0.001147s ]
NOTIC: [8] Undefined index: uid /home/www/blockgame.global/application/Common/Controller/HomebaseController.class.php 第 20 行.
NOTIC: [8] Undefined index: token /home/www/blockgame.global/application/Common/Controller/HomebaseController.class.php 第 23 行.
NOTIC: [8] Undefined index: uid /home/www/blockgame.global/application/Common/Controller/HomebaseController.class.php 第 33 行.
NOTIC: [8] Undefined index: code /home/www/blockgame.global/application/Common/Controller/HomebaseController.class.php 第 33 行.
ERR: SQLSTATE[HY000] [1045] Access denied for user 'root'@'localhost' (using password: YES)

[ 2019-04-08T17:41:48+08:00 ] 192.168.150.1 /
INFO: [ app_begin ] --START--
INFO: Run Behavior\ReadHtmlCacheBehavior [ RunTime:0.000823s ]
INFO: Run Behavior\CheckLangBehavior [ RunTime:0.001005s ]
INFO: Run Common\Behavior\UrldecodeGetBehavior [ RunTime:0.000353s ]
INFO: [ app_begin ] --END-- [ RunTime:0.002679s ]
NOTIC: [8] Undefined index: uid /home/www/blockgame.global/application/Common/Controller/HomebaseController.class.php 第 20 行.
NOTIC: [8] Undefined index: token /home/www/blockgame.global/application/Common/Controller/HomebaseController.class.php 第 23 行.
NOTIC: [8] Undefined index: uid /home/www/blockgame.global/application/Common/Controller/HomebaseController.class.php 第 33 行.
NOTIC: [8] Undefined index: code /home/www/blockgame.global/application/Common/Controller/HomebaseController.class.php 第 33 行.
ERR: SQLSTATE[HY000] [1045] Access denied for user 'root'@'localhost' (using password: YES)

[ 2019-04-08T17:42:50+08:00 ] 192.168.150.1 /
INFO: [ app_begin ] --START--
INFO: Run Behavior\ReadHtmlCacheBehavior [ RunTime:0.000674s ]
INFO: Run Behavior\CheckLangBehavior [ RunTime:0.000985s ]
INFO: Run Common\Behavior\UrldecodeGetBehavior [ RunTime:0.000261s ]
INFO: [ app_begin ] --END-- [ RunTime:0.002383s ]
NOTIC: [8] Undefined index: uid /home/www/blockgame.global/application/Common/Controller/HomebaseController.class.php 第 20 行.
NOTIC: [8] Undefined index: token /home/www/blockgame.global/application/Common/Controller/HomebaseController.class.php 第 23 行.
NOTIC: [8] Undefined index: uid /home/www/blockgame.global/application/Common/Controller/HomebaseController.class.php 第 33 行.
NOTIC: [8] Undefined index: code /home/www/blockgame.global/application/Common/Controller/HomebaseController.class.php 第 33 行.
ERR: SQLSTATE[HY000] [1045] Access denied for user 'root'@'localhost' (using password: YES)

[ 2019-04-08T17:42:50+08:00 ] 192.168.150.1 /
INFO: [ app_begin ] --START--
INFO: Run Behavior\ReadHtmlCacheBehavior [ RunTime:0.001021s ]
INFO: Run Behavior\CheckLangBehavior [ RunTime:0.001333s ]
INFO: Run Common\Behavior\UrldecodeGetBehavior [ RunTime:0.000412s ]
INFO: [ app_begin ] --END-- [ RunTime:0.003312s ]
NOTIC: [8] Undefined index: uid /home/www/blockgame.global/application/Common/Controller/HomebaseController.class.php 第 20 行.
NOTIC: [8] Undefined index: token /home/www/blockgame.global/application/Common/Controller/HomebaseController.class.php 第 23 行.
NOTIC: [8] Undefined index: uid /home/www/blockgame.global/application/Common/Controller/HomebaseController.class.php 第 33 行.
NOTIC: [8] Undefined index: code /home/www/blockgame.global/application/Common/Controller/HomebaseController.class.php 第 33 行.
ERR: SQLSTATE[HY000] [1045] Access denied for user 'root'@'localhost' (using password: YES)

[ 2019-04-08T17:42:50+08:00 ] 192.168.150.1 /
INFO: [ app_begin ] --START--
INFO: Run Behavior\ReadHtmlCacheBehavior [ RunTime:0.000728s ]
INFO: Run Behavior\CheckLangBehavior [ RunTime:0.000952s ]
INFO: Run Common\Behavior\UrldecodeGetBehavior [ RunTime:0.000301s ]
INFO: [ app_begin ] --END-- [ RunTime:0.002377s ]
NOTIC: [8] Undefined index: uid /home/www/blockgame.global/application/Common/Controller/HomebaseController.class.php 第 20 行.
NOTIC: [8] Undefined index: token /home/www/blockgame.global/application/Common/Controller/HomebaseController.class.php 第 23 行.
NOTIC: [8] Undefined index: uid /home/www/blockgame.global/application/Common/Controller/HomebaseController.class.php 第 33 行.
NOTIC: [8] Undefined index: code /home/www/blockgame.global/application/Common/Controller/HomebaseController.class.php 第 33 行.
ERR: SQLSTATE[HY000] [1045] Access denied for user 'root'@'localhost' (using password: YES)

[ 2019-04-08T17:42:50+08:00 ] 192.168.150.1 /
INFO: [ app_begin ] --START--
INFO: Run Behavior\ReadHtmlCacheBehavior [ RunTime:0.000868s ]
INFO: Run Behavior\CheckLangBehavior [ RunTime:0.000986s ]
INFO: Run Common\Behavior\UrldecodeGetBehavior [ RunTime:0.000302s ]
INFO: [ app_begin ] --END-- [ RunTime:0.002618s ]
NOTIC: [8] Undefined index: uid /home/www/blockgame.global/application/Common/Controller/HomebaseController.class.php 第 20 行.
NOTIC: [8] Undefined index: token /home/www/blockgame.global/application/Common/Controller/HomebaseController.class.php 第 23 行.
NOTIC: [8] Undefined index: uid /home/www/blockgame.global/application/Common/Controller/HomebaseController.class.php 第 33 行.
NOTIC: [8] Undefined index: code /home/www/blockgame.global/application/Common/Controller/HomebaseController.class.php 第 33 行.
ERR: SQLSTATE[HY000] [1045] Access denied for user 'root'@'localhost' (using password: YES)

[ 2019-04-08T17:44:03+08:00 ] 192.168.150.1 /
INFO: [ app_begin ] --START--
INFO: Run Behavior\ReadHtmlCacheBehavior [ RunTime:0.000776s ]
INFO: Run Behavior\CheckLangBehavior [ RunTime:0.001013s ]
INFO: Run Common\Behavior\UrldecodeGetBehavior [ RunTime:0.000322s ]
INFO: [ app_begin ] --END-- [ RunTime:0.002565s ]
NOTIC: [8] Undefined index: uid /home/www/blockgame.global/application/Common/Controller/HomebaseController.class.php 第 20 行.
NOTIC: [8] Undefined index: token /home/www/blockgame.global/application/Common/Controller/HomebaseController.class.php 第 23 行.
NOTIC: [8] Undefined index: uid /home/www/blockgame.global/application/Common/Controller/HomebaseController.class.php 第 33 行.
NOTIC: [8] Undefined index: code /home/www/blockgame.global/application/Common/Controller/HomebaseController.class.php 第 33 行.
ERR: SQLSTATE[HY000] [1045] Access denied for user 'root'@'localhost' (using password: YES)

[ 2019-04-08T17:44:51+08:00 ] 192.168.150.1 /
INFO: [ app_begin ] --START--
INFO: Run Behavior\ReadHtmlCacheBehavior [ RunTime:0.000556s ]
INFO: Run Behavior\CheckLangBehavior [ RunTime:0.000960s ]
INFO: Run Common\Behavior\UrldecodeGetBehavior [ RunTime:0.000346s ]
INFO: [ app_begin ] --END-- [ RunTime:0.002351s ]
NOTIC: [8] Undefined index: uid /home/www/blockgame.global/application/Common/Controller/HomebaseController.class.php 第 20 行.
NOTIC: [8] Undefined index: token /home/www/blockgame.global/application/Common/Controller/HomebaseController.class.php 第 23 行.
NOTIC: [8] Undefined index: uid /home/www/blockgame.global/application/Common/Controller/HomebaseController.class.php 第 33 行.
NOTIC: [8] Undefined index: code /home/www/blockgame.global/application/Common/Controller/HomebaseController.class.php 第 33 行.
ERR: SQLSTATE[HY000] [1045] Access denied for user 'root'@'localhost' (using password: YES)

[ 2019-04-08T17:51:29+08:00 ] 192.168.150.1 /
INFO: [ app_begin ] --START--
INFO: Run Behavior\ReadHtmlCacheBehavior [ RunTime:0.000299s ]
INFO: Run Behavior\CheckLangBehavior [ RunTime:0.000384s ]
INFO: Run Common\Behavior\UrldecodeGetBehavior [ RunTime:0.000145s ]
INFO: [ app_begin ] --END-- [ RunTime:0.001105s ]
NOTIC: [8] Undefined index: uid /home/www/blockgame.global/application/Common/Controller/HomebaseController.class.php 第 20 行.
NOTIC: [8] Undefined index: token /home/www/blockgame.global/application/Common/Controller/HomebaseController.class.php 第 23 行.
NOTIC: [8] Undefined index: uid /home/www/blockgame.global/application/Common/Controller/HomebaseController.class.php 第 33 行.
NOTIC: [8] Undefined index: code /home/www/blockgame.global/application/Common/Controller/HomebaseController.class.php 第 33 行.
ERR: SQLSTATE[HY000] [1045] Access denied for user 'root'@'localhost' (using password: YES)

[ 2019-04-08T17:51:29+08:00 ] 192.168.150.1 /
INFO: [ app_begin ] --START--
INFO: Run Behavior\ReadHtmlCacheBehavior [ RunTime:0.000590s ]
INFO: Run Behavior\CheckLangBehavior [ RunTime:0.000815s ]
INFO: Run Common\Behavior\UrldecodeGetBehavior [ RunTime:0.000284s ]
INFO: [ app_begin ] --END-- [ RunTime:0.002082s ]
NOTIC: [8] Undefined index: uid /home/www/blockgame.global/application/Common/Controller/HomebaseController.class.php 第 20 行.
NOTIC: [8] Undefined index: token /home/www/blockgame.global/application/Common/Controller/HomebaseController.class.php 第 23 行.
NOTIC: [8] Undefined index: uid /home/www/blockgame.global/application/Common/Controller/HomebaseController.class.php 第 33 行.
NOTIC: [8] Undefined index: code /home/www/blockgame.global/application/Common/Controller/HomebaseController.class.php 第 33 行.
ERR: SQLSTATE[HY000] [1045] Access denied for user 'root'@'localhost' (using password: YES)

[ 2019-04-08T17:51:30+08:00 ] 192.168.150.1 /
INFO: [ app_begin ] --START--
INFO: Run Behavior\ReadHtmlCacheBehavior [ RunTime:0.000294s ]
INFO: Run Behavior\CheckLangBehavior [ RunTime:0.000435s ]
INFO: Run Common\Behavior\UrldecodeGetBehavior [ RunTime:0.000157s ]
INFO: [ app_begin ] --END-- [ RunTime:0.001091s ]
NOTIC: [8] Undefined index: uid /home/www/blockgame.global/application/Common/Controller/HomebaseController.class.php 第 20 行.
NOTIC: [8] Undefined index: token /home/www/blockgame.global/application/Common/Controller/HomebaseController.class.php 第 23 行.
NOTIC: [8] Undefined index: uid /home/www/blockgame.global/application/Common/Controller/HomebaseController.class.php 第 33 行.
NOTIC: [8] Undefined index: code /home/www/blockgame.global/application/Common/Controller/HomebaseController.class.php 第 33 行.
ERR: SQLSTATE[HY000] [1045] Access denied for user 'root'@'localhost' (using password: YES)

[ 2019-04-08T17:51:30+08:00 ] 192.168.150.1 /
INFO: [ app_begin ] --START--
INFO: Run Behavior\ReadHtmlCacheBehavior [ RunTime:0.000269s ]
INFO: Run Behavior\CheckLangBehavior [ RunTime:0.000575s ]
INFO: Run Common\Behavior\UrldecodeGetBehavior [ RunTime:0.000319s ]
INFO: [ app_begin ] --END-- [ RunTime:0.001359s ]
NOTIC: [8] Undefined index: uid /home/www/blockgame.global/application/Common/Controller/HomebaseController.class.php 第 20 行.
NOTIC: [8] Undefined index: token /home/www/blockgame.global/application/Common/Controller/HomebaseController.class.php 第 23 行.
NOTIC: [8] Undefined index: uid /home/www/blockgame.global/application/Common/Controller/HomebaseController.class.php 第 33 行.
NOTIC: [8] Undefined index: code /home/www/blockgame.global/application/Common/Controller/HomebaseController.class.php 第 33 行.
ERR: SQLSTATE[HY000] [1045] Access denied for user 'root'@'localhost' (using password: YES)

[ 2019-04-08T17:51:30+08:00 ] 192.168.150.1 /
INFO: [ app_begin ] --START--
INFO: Run Behavior\ReadHtmlCacheBehavior [ RunTime:0.000335s ]
INFO: Run Behavior\CheckLangBehavior [ RunTime:0.000511s ]
INFO: Run Common\Behavior\UrldecodeGetBehavior [ RunTime:0.000158s ]
INFO: [ app_begin ] --END-- [ RunTime:0.001277s ]
NOTIC: [8] Undefined index: uid /home/www/blockgame.global/application/Common/Controller/HomebaseController.class.php 第 20 行.
NOTIC: [8] Undefined index: token /home/www/blockgame.global/application/Common/Controller/HomebaseController.class.php 第 23 行.
NOTIC: [8] Undefined index: uid /home/www/blockgame.global/application/Common/Controller/HomebaseController.class.php 第 33 行.
NOTIC: [8] Undefined index: code /home/www/blockgame.global/application/Common/Controller/HomebaseController.class.php 第 33 行.
ERR: SQLSTATE[HY000] [1045] Access denied for user 'root'@'localhost' (using password: YES)

[ 2019-04-08T17:51:30+08:00 ] 192.168.150.1 /
INFO: [ app_begin ] --START--
INFO: Run Behavior\ReadHtmlCacheBehavior [ RunTime:0.000278s ]
INFO: Run Behavior\CheckLangBehavior [ RunTime:0.000362s ]
INFO: Run Common\Behavior\UrldecodeGetBehavior [ RunTime:0.000183s ]
INFO: [ app_begin ] --END-- [ RunTime:0.001021s ]
NOTIC: [8] Undefined index: uid /home/www/blockgame.global/application/Common/Controller/HomebaseController.class.php 第 20 行.
NOTIC: [8] Undefined index: token /home/www/blockgame.global/application/Common/Controller/HomebaseController.class.php 第 23 行.
NOTIC: [8] Undefined index: uid /home/www/blockgame.global/application/Common/Controller/HomebaseController.class.php 第 33 行.
NOTIC: [8] Undefined index: code /home/www/blockgame.global/application/Common/Controller/HomebaseController.class.php 第 33 行.
ERR: SQLSTATE[HY000] [1045] Access denied for user 'root'@'localhost' (using password: YES)

[ 2019-04-08T17:51:30+08:00 ] 192.168.150.1 /
INFO: [ app_begin ] --START--
INFO: Run Behavior\ReadHtmlCacheBehavior [ RunTime:0.000304s ]
INFO: Run Behavior\CheckLangBehavior [ RunTime:0.000466s ]
INFO: Run Common\Behavior\UrldecodeGetBehavior [ RunTime:0.000131s ]
INFO: [ app_begin ] --END-- [ RunTime:0.001103s ]
NOTIC: [8] Undefined index: uid /home/www/blockgame.global/application/Common/Controller/HomebaseController.class.php 第 20 行.
NOTIC: [8] Undefined index: token /home/www/blockgame.global/application/Common/Controller/HomebaseController.class.php 第 23 行.
NOTIC: [8] Undefined index: uid /home/www/blockgame.global/application/Common/Controller/HomebaseController.class.php 第 33 行.
NOTIC: [8] Undefined index: code /home/www/blockgame.global/application/Common/Controller/HomebaseController.class.php 第 33 行.
ERR: SQLSTATE[HY000] [1045] Access denied for user 'root'@'localhost' (using password: YES)

[ 2019-04-08T17:51:30+08:00 ] 192.168.150.1 /
INFO: [ app_begin ] --START--
INFO: Run Behavior\ReadHtmlCacheBehavior [ RunTime:0.000828s ]
INFO: Run Behavior\CheckLangBehavior [ RunTime:0.000995s ]
INFO: Run Common\Behavior\UrldecodeGetBehavior [ RunTime:0.000317s ]
INFO: [ app_begin ] --END-- [ RunTime:0.002779s ]
NOTIC: [8] Undefined index: uid /home/www/blockgame.global/application/Common/Controller/HomebaseController.class.php 第 20 行.
NOTIC: [8] Undefined index: token /home/www/blockgame.global/application/Common/Controller/HomebaseController.class.php 第 23 行.
NOTIC: [8] Undefined index: uid /home/www/blockgame.global/application/Common/Controller/HomebaseController.class.php 第 33 行.
NOTIC: [8] Undefined index: code /home/www/blockgame.global/application/Common/Controller/HomebaseController.class.php 第 33 行.
ERR: SQLSTATE[HY000] [1045] Access denied for user 'root'@'localhost' (using password: YES)

[ 2019-04-08T17:51:30+08:00 ] 192.168.150.1 /
INFO: [ app_begin ] --START--
INFO: Run Behavior\ReadHtmlCacheBehavior [ RunTime:0.000363s ]
INFO: Run Behavior\CheckLangBehavior [ RunTime:0.000470s ]
INFO: Run Common\Behavior\UrldecodeGetBehavior [ RunTime:0.000151s ]
INFO: [ app_begin ] --END-- [ RunTime:0.001235s ]
NOTIC: [8] Undefined index: uid /home/www/blockgame.global/application/Common/Controller/HomebaseController.class.php 第 20 行.
NOTIC: [8] Undefined index: token /home/www/blockgame.global/application/Common/Controller/HomebaseController.class.php 第 23 行.
NOTIC: [8] Undefined index: uid /home/www/blockgame.global/application/Common/Controller/HomebaseController.class.php 第 33 行.
NOTIC: [8] Undefined index: code /home/www/blockgame.global/application/Common/Controller/HomebaseController.class.php 第 33 行.
ERR: SQLSTATE[HY000] [1045] Access denied for user 'root'@'localhost' (using password: YES)

[ 2019-04-08T17:51:30+08:00 ] 192.168.150.1 /
INFO: [ app_begin ] --START--
INFO: Run Behavior\ReadHtmlCacheBehavior [ RunTime:0.000414s ]
INFO: Run Behavior\CheckLangBehavior [ RunTime:0.000420s ]
INFO: Run Common\Behavior\UrldecodeGetBehavior [ RunTime:0.000168s ]
INFO: [ app_begin ] --END-- [ RunTime:0.001269s ]
NOTIC: [8] Undefined index: uid /home/www/blockgame.global/application/Common/Controller/HomebaseController.class.php 第 20 行.
NOTIC: [8] Undefined index: token /home/www/blockgame.global/application/Common/Controller/HomebaseController.class.php 第 23 行.
NOTIC: [8] Undefined index: uid /home/www/blockgame.global/application/Common/Controller/HomebaseController.class.php 第 33 行.
NOTIC: [8] Undefined index: code /home/www/blockgame.global/application/Common/Controller/HomebaseController.class.php 第 33 行.
ERR: SQLSTATE[HY000] [1045] Access denied for user 'root'@'localhost' (using password: YES)

[ 2019-04-08T17:51:31+08:00 ] 192.168.150.1 /
INFO: [ app_begin ] --START--
INFO: Run Behavior\ReadHtmlCacheBehavior [ RunTime:0.000764s ]
INFO: Run Behavior\CheckLangBehavior [ RunTime:0.000961s ]
INFO: Run Common\Behavior\UrldecodeGetBehavior [ RunTime:0.000377s ]
INFO: [ app_begin ] --END-- [ RunTime:0.002589s ]
NOTIC: [8] Undefined index: uid /home/www/blockgame.global/application/Common/Controller/HomebaseController.class.php 第 20 行.
NOTIC: [8] Undefined index: token /home/www/blockgame.global/application/Common/Controller/HomebaseController.class.php 第 23 行.
NOTIC: [8] Undefined index: uid /home/www/blockgame.global/application/Common/Controller/HomebaseController.class.php 第 33 行.
NOTIC: [8] Undefined index: code /home/www/blockgame.global/application/Common/Controller/HomebaseController.class.php 第 33 行.
ERR: SQLSTATE[HY000] [1045] Access denied for user 'root'@'localhost' (using password: YES)

[ 2019-04-08T17:51:31+08:00 ] 192.168.150.1 /
INFO: [ app_begin ] --START--
INFO: Run Behavior\ReadHtmlCacheBehavior [ RunTime:0.000263s ]
INFO: Run Behavior\CheckLangBehavior [ RunTime:0.000417s ]
INFO: Run Common\Behavior\UrldecodeGetBehavior [ RunTime:0.000130s ]
INFO: [ app_begin ] --END-- [ RunTime:0.000992s ]
NOTIC: [8] Undefined index: uid /home/www/blockgame.global/application/Common/Controller/HomebaseController.class.php 第 20 行.
NOTIC: [8] Undefined index: token /home/www/blockgame.global/application/Common/Controller/HomebaseController.class.php 第 23 行.
NOTIC: [8] Undefined index: uid /home/www/blockgame.global/application/Common/Controller/HomebaseController.class.php 第 33 行.
NOTIC: [8] Undefined index: code /home/www/blockgame.global/application/Common/Controller/HomebaseController.class.php 第 33 行.
ERR: SQLSTATE[HY000] [1045] Access denied for user 'root'@'localhost' (using password: YES)

[ 2019-04-08T17:51:31+08:00 ] 192.168.150.1 /
INFO: [ app_begin ] --START--
INFO: Run Behavior\ReadHtmlCacheBehavior [ RunTime:0.000548s ]
INFO: Run Behavior\CheckLangBehavior [ RunTime:0.000375s ]
INFO: Run Common\Behavior\UrldecodeGetBehavior [ RunTime:0.000137s ]
INFO: [ app_begin ] --END-- [ RunTime:0.001427s ]
NOTIC: [8] Undefined index: uid /home/www/blockgame.global/application/Common/Controller/HomebaseController.class.php 第 20 行.
NOTIC: [8] Undefined index: token /home/www/blockgame.global/application/Common/Controller/HomebaseController.class.php 第 23 行.
NOTIC: [8] Undefined index: uid /home/www/blockgame.global/application/Common/Controller/HomebaseController.class.php 第 33 行.
NOTIC: [8] Undefined index: code /home/www/blockgame.global/application/Common/Controller/HomebaseController.class.php 第 33 行.
ERR: SQLSTATE[HY000] [1045] Access denied for user 'root'@'localhost' (using password: YES)

[ 2019-04-08T17:51:31+08:00 ] 192.168.150.1 /
INFO: [ app_begin ] --START--
INFO: Run Behavior\ReadHtmlCacheBehavior [ RunTime:0.000840s ]
INFO: Run Behavior\CheckLangBehavior [ RunTime:0.001062s ]
INFO: Run Common\Behavior\UrldecodeGetBehavior [ RunTime:0.000395s ]
INFO: [ app_begin ] --END-- [ RunTime:0.002765s ]
NOTIC: [8] Undefined index: uid /home/www/blockgame.global/application/Common/Controller/HomebaseController.class.php 第 20 行.
NOTIC: [8] Undefined index: token /home/www/blockgame.global/application/Common/Controller/HomebaseController.class.php 第 23 行.
NOTIC: [8] Undefined index: uid /home/www/blockgame.global/application/Common/Controller/HomebaseController.class.php 第 33 行.
NOTIC: [8] Undefined index: code /home/www/blockgame.global/application/Common/Controller/HomebaseController.class.php 第 33 行.
ERR: SQLSTATE[HY000] [1045] Access denied for user 'root'@'localhost' (using password: YES)

[ 2019-04-08T17:51:31+08:00 ] 192.168.150.1 /
INFO: [ app_begin ] --START--
INFO: Run Behavior\ReadHtmlCacheBehavior [ RunTime:0.001233s ]
INFO: Run Behavior\CheckLangBehavior [ RunTime:0.001258s ]
INFO: Run Common\Behavior\UrldecodeGetBehavior [ RunTime:0.000413s ]
INFO: [ app_begin ] --END-- [ RunTime:0.003440s ]
NOTIC: [8] Undefined index: uid /home/www/blockgame.global/application/Common/Controller/HomebaseController.class.php 第 20 行.
NOTIC: [8] Undefined index: token /home/www/blockgame.global/application/Common/Controller/HomebaseController.class.php 第 23 行.
NOTIC: [8] Undefined index: uid /home/www/blockgame.global/application/Common/Controller/HomebaseController.class.php 第 33 行.
NOTIC: [8] Undefined index: code /home/www/blockgame.global/application/Common/Controller/HomebaseController.class.php 第 33 行.
ERR: SQLSTATE[HY000] [1045] Access denied for user 'root'@'localhost' (using password: YES)

[ 2019-04-08T17:51:31+08:00 ] 192.168.150.1 /
INFO: [ app_begin ] --START--
INFO: Run Behavior\ReadHtmlCacheBehavior [ RunTime:0.000345s ]
INFO: Run Behavior\CheckLangBehavior [ RunTime:0.000500s ]
INFO: Run Common\Behavior\UrldecodeGetBehavior [ RunTime:0.000183s ]
INFO: [ app_begin ] --END-- [ RunTime:0.001315s ]
NOTIC: [8] Undefined index: uid /home/www/blockgame.global/application/Common/Controller/HomebaseController.class.php 第 20 行.
NOTIC: [8] Undefined index: token /home/www/blockgame.global/application/Common/Controller/HomebaseController.class.php 第 23 行.
NOTIC: [8] Undefined index: uid /home/www/blockgame.global/application/Common/Controller/HomebaseController.class.php 第 33 行.
NOTIC: [8] Undefined index: code /home/www/blockgame.global/application/Common/Controller/HomebaseController.class.php 第 33 行.
ERR: SQLSTATE[HY000] [1045] Access denied for user 'root'@'localhost' (using password: YES)

[ 2019-04-08T17:51:31+08:00 ] 192.168.150.1 /
INFO: [ app_begin ] --START--
INFO: Run Behavior\ReadHtmlCacheBehavior [ RunTime:0.000429s ]
INFO: Run Behavior\CheckLangBehavior [ RunTime:0.000376s ]
INFO: Run Common\Behavior\UrldecodeGetBehavior [ RunTime:0.000142s ]
INFO: [ app_begin ] --END-- [ RunTime:0.001258s ]
NOTIC: [8] Undefined index: uid /home/www/blockgame.global/application/Common/Controller/HomebaseController.class.php 第 20 行.
NOTIC: [8] Undefined index: token /home/www/blockgame.global/application/Common/Controller/HomebaseController.class.php 第 23 行.
NOTIC: [8] Undefined index: uid /home/www/blockgame.global/application/Common/Controller/HomebaseController.class.php 第 33 行.
NOTIC: [8] Undefined index: code /home/www/blockgame.global/application/Common/Controller/HomebaseController.class.php 第 33 行.
ERR: SQLSTATE[HY000] [1045] Access denied for user 'root'@'localhost' (using password: YES)

[ 2019-04-08T17:51:31+08:00 ] 192.168.150.1 /
INFO: [ app_begin ] --START--
INFO: Run Behavior\ReadHtmlCacheBehavior [ RunTime:0.000316s ]
INFO: Run Behavior\CheckLangBehavior [ RunTime:0.000348s ]
INFO: Run Common\Behavior\UrldecodeGetBehavior [ RunTime:0.000131s ]
INFO: [ app_begin ] --END-- [ RunTime:0.000972s ]
NOTIC: [8] Undefined index: uid /home/www/blockgame.global/application/Common/Controller/HomebaseController.class.php 第 20 行.
NOTIC: [8] Undefined index: token /home/www/blockgame.global/application/Common/Controller/HomebaseController.class.php 第 23 行.
NOTIC: [8] Undefined index: uid /home/www/blockgame.global/application/Common/Controller/HomebaseController.class.php 第 33 行.
NOTIC: [8] Undefined index: code /home/www/blockgame.global/application/Common/Controller/HomebaseController.class.php 第 33 行.
ERR: SQLSTATE[HY000] [1045] Access denied for user 'root'@'localhost' (using password: YES)

[ 2019-04-08T17:51:32+08:00 ] 192.168.150.1 /
INFO: [ app_begin ] --START--
INFO: Run Behavior\ReadHtmlCacheBehavior [ RunTime:0.000439s ]
INFO: Run Behavior\CheckLangBehavior [ RunTime:0.000647s ]
INFO: Run Common\Behavior\UrldecodeGetBehavior [ RunTime:0.000224s ]
INFO: [ app_begin ] --END-- [ RunTime:0.001650s ]
NOTIC: [8] Undefined index: uid /home/www/blockgame.global/application/Common/Controller/HomebaseController.class.php 第 20 行.
NOTIC: [8] Undefined index: token /home/www/blockgame.global/application/Common/Controller/HomebaseController.class.php 第 23 行.
NOTIC: [8] Undefined index: uid /home/www/blockgame.global/application/Common/Controller/HomebaseController.class.php 第 33 行.
NOTIC: [8] Undefined index: code /home/www/blockgame.global/application/Common/Controller/HomebaseController.class.php 第 33 行.
ERR: SQLSTATE[HY000] [1045] Access denied for user 'root'@'localhost' (using password: YES)

[ 2019-04-08T17:51:32+08:00 ] 192.168.150.1 /
INFO: [ app_begin ] --START--
INFO: Run Behavior\ReadHtmlCacheBehavior [ RunTime:0.000387s ]
INFO: Run Behavior\CheckLangBehavior [ RunTime:0.000401s ]
INFO: Run Common\Behavior\UrldecodeGetBehavior [ RunTime:0.000152s ]
INFO: [ app_begin ] --END-- [ RunTime:0.001168s ]
NOTIC: [8] Undefined index: uid /home/www/blockgame.global/application/Common/Controller/HomebaseController.class.php 第 20 行.
NOTIC: [8] Undefined index: token /home/www/blockgame.global/application/Common/Controller/HomebaseController.class.php 第 23 行.
NOTIC: [8] Undefined index: uid /home/www/blockgame.global/application/Common/Controller/HomebaseController.class.php 第 33 行.
NOTIC: [8] Undefined index: code /home/www/blockgame.global/application/Common/Controller/HomebaseController.class.php 第 33 行.
ERR: SQLSTATE[HY000] [1045] Access denied for user 'root'@'localhost' (using password: YES)

[ 2019-04-08T17:51:32+08:00 ] 192.168.150.1 /
INFO: [ app_begin ] --START--
INFO: Run Behavior\ReadHtmlCacheBehavior [ RunTime:0.000591s ]
INFO: Run Behavior\CheckLangBehavior [ RunTime:0.000627s ]
INFO: Run Common\Behavior\UrldecodeGetBehavior [ RunTime:0.000141s ]
INFO: [ app_begin ] --END-- [ RunTime:0.001665s ]
NOTIC: [8] Undefined index: uid /home/www/blockgame.global/application/Common/Controller/HomebaseController.class.php 第 20 行.
NOTIC: [8] Undefined index: token /home/www/blockgame.global/application/Common/Controller/HomebaseController.class.php 第 23 行.
NOTIC: [8] Undefined index: uid /home/www/blockgame.global/application/Common/Controller/HomebaseController.class.php 第 33 行.
NOTIC: [8] Undefined index: code /home/www/blockgame.global/application/Common/Controller/HomebaseController.class.php 第 33 行.
ERR: SQLSTATE[HY000] [1045] Access denied for user 'root'@'localhost' (using password: YES)

[ 2019-04-08T17:51:32+08:00 ] 192.168.150.1 /
INFO: [ app_begin ] --START--
INFO: Run Behavior\ReadHtmlCacheBehavior [ RunTime:0.000293s ]
INFO: Run Behavior\CheckLangBehavior [ RunTime:0.000439s ]
INFO: Run Common\Behavior\UrldecodeGetBehavior [ RunTime:0.000152s ]
INFO: [ app_begin ] --END-- [ RunTime:0.001086s ]
NOTIC: [8] Undefined index: uid /home/www/blockgame.global/application/Common/Controller/HomebaseController.class.php 第 20 行.
NOTIC: [8] Undefined index: token /home/www/blockgame.global/application/Common/Controller/HomebaseController.class.php 第 23 行.
NOTIC: [8] Undefined index: uid /home/www/blockgame.global/application/Common/Controller/HomebaseController.class.php 第 33 行.
NOTIC: [8] Undefined index: code /home/www/blockgame.global/application/Common/Controller/HomebaseController.class.php 第 33 行.
ERR: SQLSTATE[HY000] [1045] Access denied for user 'root'@'localhost' (using password: YES)

[ 2019-04-08T17:52:37+08:00 ] 192.168.150.1 /
INFO: [ app_begin ] --START--
INFO: Run Behavior\ReadHtmlCacheBehavior [ RunTime:0.000716s ]
INFO: Run Behavior\CheckLangBehavior [ RunTime:0.001003s ]
INFO: Run Common\Behavior\UrldecodeGetBehavior [ RunTime:0.000303s ]
INFO: [ app_begin ] --END-- [ RunTime:0.002464s ]
NOTIC: [8] Undefined index: uid /home/www/blockgame.global/application/Common/Controller/HomebaseController.class.php 第 20 行.
NOTIC: [8] Undefined index: token /home/www/blockgame.global/application/Common/Controller/HomebaseController.class.php 第 23 行.
NOTIC: [8] Undefined index: uid /home/www/blockgame.global/application/Common/Controller/HomebaseController.class.php 第 33 行.
NOTIC: [8] Undefined index: code /home/www/blockgame.global/application/Common/Controller/HomebaseController.class.php 第 33 行.
SQL: SHOW COLUMNS FROM `jz_all_record` [ RunTime:0.0013s ]
SQL: SHOW COLUMNS FROM `jz_options` [ RunTime:0.0007s ]
SQL: SELECT `option_value` FROM `jz_options` WHERE `option_name` = 'bonus' LIMIT 1   [ RunTime:0.0005s ]
SQL: SHOW COLUMNS FROM `jz_user` [ RunTime:0.0014s ]
SQL: SELECT * FROM `jz_user` LIMIT 1   [ RunTime:0.0004s ]
NOTIC: [8] Undefined index: istongyi /home/www/blockgame.global/application/Portal/Controller/IndexController.class.php 第 53 行.
SQL: SELECT `option_value` FROM `jz_options` WHERE `option_name` = 'cdn_settings' LIMIT 1   [ RunTime:0.0003s ]
INFO: [ view_parse ] --START--
INFO: [ template_filter ] --START--
INFO: Run Behavior\ContentReplaceBehavior [ RunTime:0.000026s ]
INFO: [ template_filter ] --END-- [ RunTime:0.000058s ]
INFO: Run Behavior\ParseTemplateBehavior [ RunTime:0.010229s ]
INFO: [ view_parse ] --END-- [ RunTime:0.010255s ]
INFO: [ view_filter ] --START--
INFO: Run Behavior\WriteHtmlCacheBehavior [ RunTime:0.000231s ]
INFO: Run Common\Behavior\TmplStripSpaceBehavior [ RunTime:0.000518s ]
INFO: [ view_filter ] --END-- [ RunTime:0.000786s ]

[ 2019-04-08T17:52:38+08:00 ] 192.168.150.1 /
INFO: [ app_begin ] --START--
INFO: Run Behavior\ReadHtmlCacheBehavior [ RunTime:0.000398s ]
INFO: Run Behavior\CheckLangBehavior [ RunTime:0.000424s ]
INFO: Run Common\Behavior\UrldecodeGetBehavior [ RunTime:0.000158s ]
INFO: [ app_begin ] --END-- [ RunTime:0.001191s ]
NOTIC: [8] Undefined index: uid /home/www/blockgame.global/application/Common/Controller/HomebaseController.class.php 第 20 行.
NOTIC: [8] Undefined index: token /home/www/blockgame.global/application/Common/Controller/HomebaseController.class.php 第 23 行.
NOTIC: [8] Undefined index: uid /home/www/blockgame.global/application/Common/Controller/HomebaseController.class.php 第 33 行.
NOTIC: [8] Undefined index: code /home/www/blockgame.global/application/Common/Controller/HomebaseController.class.php 第 33 行.
SQL: SHOW COLUMNS FROM `jz_all_record` [ RunTime:0.0010s ]
SQL: SHOW COLUMNS FROM `jz_options` [ RunTime:0.0006s ]
SQL: SELECT `option_value` FROM `jz_options` WHERE `option_name` = 'bonus' LIMIT 1   [ RunTime:0.0002s ]
SQL: SHOW COLUMNS FROM `jz_user` [ RunTime:0.0010s ]
SQL: SELECT * FROM `jz_user` LIMIT 1   [ RunTime:0.0004s ]
NOTIC: [8] Undefined index: istongyi /home/www/blockgame.global/application/Portal/Controller/IndexController.class.php 第 53 行.
SQL: SELECT `option_value` FROM `jz_options` WHERE `option_name` = 'cdn_settings' LIMIT 1   [ RunTime:0.0002s ]
INFO: [ view_parse ] --START--
INFO: [ template_filter ] --START--
INFO: Run Behavior\ContentReplaceBehavior [ RunTime:0.000027s ]
INFO: [ template_filter ] --END-- [ RunTime:0.000054s ]
INFO: Run Behavior\ParseTemplateBehavior [ RunTime:0.006910s ]
INFO: [ view_parse ] --END-- [ RunTime:0.006936s ]
INFO: [ view_filter ] --START--
INFO: Run Behavior\WriteHtmlCacheBehavior [ RunTime:0.000312s ]
INFO: Run Common\Behavior\TmplStripSpaceBehavior [ RunTime:0.000477s ]
INFO: [ view_filter ] --END-- [ RunTime:0.000824s ]

[ 2019-04-08T17:52:38+08:00 ] 192.168.150.1 /
INFO: [ app_begin ] --START--
INFO: Run Behavior\ReadHtmlCacheBehavior [ RunTime:0.000721s ]
INFO: Run Behavior\CheckLangBehavior [ RunTime:0.000904s ]
INFO: Run Common\Behavior\UrldecodeGetBehavior [ RunTime:0.000297s ]
INFO: [ app_begin ] --END-- [ RunTime:0.002298s ]
NOTIC: [8] Undefined index: uid /home/www/blockgame.global/application/Common/Controller/HomebaseController.class.php 第 20 行.
NOTIC: [8] Undefined index: token /home/www/blockgame.global/application/Common/Controller/HomebaseController.class.php 第 23 行.
NOTIC: [8] Undefined index: uid /home/www/blockgame.global/application/Common/Controller/HomebaseController.class.php 第 33 行.
NOTIC: [8] Undefined index: code /home/www/blockgame.global/application/Common/Controller/HomebaseController.class.php 第 33 行.
SQL: SHOW COLUMNS FROM `jz_all_record` [ RunTime:0.0009s ]
SQL: SHOW COLUMNS FROM `jz_options` [ RunTime:0.0005s ]
SQL: SELECT `option_value` FROM `jz_options` WHERE `option_name` = 'bonus' LIMIT 1   [ RunTime:0.0002s ]
SQL: SHOW COLUMNS FROM `jz_user` [ RunTime:0.0010s ]
SQL: SELECT * FROM `jz_user` LIMIT 1   [ RunTime:0.0004s ]
NOTIC: [8] Undefined index: istongyi /home/www/blockgame.global/application/Portal/Controller/IndexController.class.php 第 53 行.
SQL: SELECT `option_value` FROM `jz_options` WHERE `option_name` = 'cdn_settings' LIMIT 1   [ RunTime:0.0003s ]
INFO: [ view_parse ] --START--
INFO: [ template_filter ] --START--
INFO: Run Behavior\ContentReplaceBehavior [ RunTime:0.000055s ]
INFO: [ template_filter ] --END-- [ RunTime:0.000106s ]
INFO: Run Behavior\ParseTemplateBehavior [ RunTime:0.011371s ]
INFO: [ view_parse ] --END-- [ RunTime:0.011396s ]
INFO: [ view_filter ] --START--
INFO: Run Behavior\WriteHtmlCacheBehavior [ RunTime:0.000397s ]
INFO: Run Common\Behavior\TmplStripSpaceBehavior [ RunTime:0.000321s ]
INFO: [ view_filter ] --END-- [ RunTime:0.000748s ]

[ 2019-04-08T18:11:57+08:00 ] 192.168.150.1 /
INFO: [ app_begin ] --START--
INFO: Run Behavior\ReadHtmlCacheBehavior [ RunTime:0.000821s ]
INFO: Run Behavior\CheckLangBehavior [ RunTime:0.001118s ]
INFO: Run Common\Behavior\UrldecodeGetBehavior [ RunTime:0.000406s ]
INFO: [ app_begin ] --END-- [ RunTime:0.002843s ]
NOTIC: [8] Undefined index: uid /home/www/blockgame.global/application/Common/Controller/HomebaseController.class.php 第 20 行.
NOTIC: [8] Undefined index: token /home/www/blockgame.global/application/Common/Controller/HomebaseController.class.php 第 23 行.
NOTIC: [8] Undefined index: uid /home/www/blockgame.global/application/Common/Controller/HomebaseController.class.php 第 33 行.
NOTIC: [8] Undefined index: code /home/www/blockgame.global/application/Common/Controller/HomebaseController.class.php 第 33 行.
SQL: SHOW COLUMNS FROM `jz_all_record` [ RunTime:0.0341s ]
SQL: SHOW COLUMNS FROM `jz_options` [ RunTime:0.0008s ]
SQL: SELECT `option_value` FROM `jz_options` WHERE `option_name` = 'bonus' LIMIT 1   [ RunTime:0.0006s ]
SQL: SHOW COLUMNS FROM `jz_user` [ RunTime:0.0008s ]
SQL: SELECT * FROM `jz_user` LIMIT 1   [ RunTime:0.0002s ]
NOTIC: [8] Undefined index: istongyi /home/www/blockgame.global/application/Portal/Controller/IndexController.class.php 第 53 行.
SQL: SELECT `option_value` FROM `jz_options` WHERE `option_name` = 'cdn_settings' LIMIT 1   [ RunTime:0.0002s ]
INFO: [ view_parse ] --START--
INFO: [ template_filter ] --START--
INFO: Run Behavior\ContentReplaceBehavior [ RunTime:0.000039s ]
INFO: [ template_filter ] --END-- [ RunTime:0.000071s ]
INFO: Run Behavior\ParseTemplateBehavior [ RunTime:0.011627s ]
INFO: [ view_parse ] --END-- [ RunTime:0.011653s ]
INFO: [ view_filter ] --START--
INFO: Run Behavior\WriteHtmlCacheBehavior [ RunTime:0.000280s ]
INFO: Run Common\Behavior\TmplStripSpaceBehavior [ RunTime:0.000389s ]
INFO: [ view_filter ] --END-- [ RunTime:0.000700s ]

[ 2019-04-08T18:11:59+08:00 ] 192.168.150.1 /index.php/portal/index/tongyi
INFO: [ app_begin ] --START--
INFO: Run Behavior\ReadHtmlCacheBehavior [ RunTime:0.000713s ]
INFO: Run Behavior\CheckLangBehavior [ RunTime:0.000963s ]
INFO: Run Common\Behavior\UrldecodeGetBehavior [ RunTime:0.000375s ]
INFO: [ app_begin ] --END-- [ RunTime:0.002488s ]
NOTIC: [8] Undefined index: uid /home/www/blockgame.global/application/Common/Controller/HomebaseController.class.php 第 20 行.
NOTIC: [8] Undefined index: token /home/www/blockgame.global/application/Common/Controller/HomebaseController.class.php 第 23 行.
NOTIC: [8] Undefined index: uid /home/www/blockgame.global/application/Common/Controller/HomebaseController.class.php 第 33 行.
NOTIC: [8] Undefined index: code /home/www/blockgame.global/application/Common/Controller/HomebaseController.class.php 第 33 行.
SQL: SHOW COLUMNS FROM `jz_all_record` [ RunTime:0.0009s ]
SQL: SHOW COLUMNS FROM `jz_options` [ RunTime:0.0006s ]
SQL: SELECT `option_value` FROM `jz_options` WHERE `option_name` = 'bonus' LIMIT 1   [ RunTime:0.0002s ]
SQL: SHOW COLUMNS FROM `jz_user` [ RunTime:0.0009s ]
SQL: SELECT * FROM `jz_user` LIMIT 1   [ RunTime:0.0003s ]
INFO: [ app_end ] --START--
INFO: Run Behavior\ShowPageTraceBehavior [ RunTime:0.000857s ]
INFO: [ app_end ] --END-- [ RunTime:0.000878s ]

[ 2019-04-08T18:11:59+08:00 ] 192.168.150.1 /
INFO: [ app_begin ] --START--
INFO: Run Behavior\ReadHtmlCacheBehavior [ RunTime:0.000327s ]
INFO: Run Behavior\CheckLangBehavior [ RunTime:0.000406s ]
INFO: Run Common\Behavior\UrldecodeGetBehavior [ RunTime:0.000326s ]
INFO: [ app_begin ] --END-- [ RunTime:0.001337s ]
NOTIC: [8] Undefined index: uid /home/www/blockgame.global/application/Common/Controller/HomebaseController.class.php 第 20 行.
NOTIC: [8] Undefined index: token /home/www/blockgame.global/application/Common/Controller/HomebaseController.class.php 第 23 行.
NOTIC: [8] Undefined index: uid /home/www/blockgame.global/application/Common/Controller/HomebaseController.class.php 第 33 行.
NOTIC: [8] Undefined index: code /home/www/blockgame.global/application/Common/Controller/HomebaseController.class.php 第 33 行.
SQL: SHOW COLUMNS FROM `jz_all_record` [ RunTime:0.0011s ]
SQL: SHOW COLUMNS FROM `jz_options` [ RunTime:0.0006s ]
SQL: SELECT `option_value` FROM `jz_options` WHERE `option_name` = 'bonus' LIMIT 1   [ RunTime:0.0002s ]
SQL: SHOW COLUMNS FROM `jz_user` [ RunTime:0.0010s ]
SQL: SELECT * FROM `jz_user` LIMIT 1   [ RunTime:0.0003s ]
SQL: SHOW COLUMNS FROM `jz_user` [ RunTime:0.0008s ]
SQL: UPDATE `jz_user` SET `token`='d9edef843f9ab8f48dd1bfa570fdfaa5' WHERE `id` = 174 [ RunTime:0.0027s ]
NOTIC: [8] Undefined variable: user /home/www/blockgame.global/application/Portal/Controller/IndexController.class.php 第 62 行.
SQL: SELECT `option_value` FROM `jz_options` WHERE `option_name` = 'cdn_settings' LIMIT 1   [ RunTime:0.0002s ]
INFO: [ view_parse ] --START--
INFO: [ template_filter ] --START--
INFO: Run Behavior\ContentReplaceBehavior [ RunTime:0.000091s ]
INFO: [ template_filter ] --END-- [ RunTime:0.000120s ]
INFO: Run Behavior\ParseTemplateBehavior [ RunTime:0.013674s ]
INFO: [ view_parse ] --END-- [ RunTime:0.013697s ]
INFO: [ view_filter ] --START--
INFO: Run Behavior\WriteHtmlCacheBehavior [ RunTime:0.000279s ]
INFO: Run Common\Behavior\TmplStripSpaceBehavior [ RunTime:0.000373s ]
INFO: [ view_filter ] --END-- [ RunTime:0.000682s ]
INFO: [ app_end ] --START--
INFO: Run Behavior\ShowPageTraceBehavior [ RunTime:0.001021s ]
INFO: [ app_end ] --END-- [ RunTime:0.001042s ]

[ 2019-04-08T18:11:59+08:00 ] 192.168.150.1 /index.php/portal/index/gamejs
INFO: [ app_begin ] --START--
INFO: Run Behavior\ReadHtmlCacheBehavior [ RunTime:0.000478s ]
INFO: Run Behavior\CheckLangBehavior [ RunTime:0.000532s ]
INFO: Run Common\Behavior\UrldecodeGetBehavior [ RunTime:0.000184s ]
INFO: [ app_begin ] --END-- [ RunTime:0.001545s ]
NOTIC: [8] Undefined index: uid /home/www/blockgame.global/application/Common/Controller/HomebaseController.class.php 第 20 行.
NOTIC: [8] Undefined index: token /home/www/blockgame.global/application/Common/Controller/HomebaseController.class.php 第 23 行.
NOTIC: [8] Undefined index: uid /home/www/blockgame.global/application/Common/Controller/HomebaseController.class.php 第 33 行.
NOTIC: [8] Undefined index: code /home/www/blockgame.global/application/Common/Controller/HomebaseController.class.php 第 33 行.
SQL: SHOW COLUMNS FROM `jz_all_record` [ RunTime:0.0006s ]
SQL: SHOW COLUMNS FROM `jz_options` [ RunTime:0.0004s ]
SQL: SELECT `option_value` FROM `jz_options` WHERE `option_name` = 'bonus' LIMIT 1   [ RunTime:0.0003s ]
SQL: SHOW COLUMNS FROM `jz_user` [ RunTime:0.0025s ]
SQL: SELECT * FROM `jz_user` LIMIT 1   [ RunTime:0.0008s ]
SQL: SHOW COLUMNS FROM `jz_server` [ RunTime:0.0015s ]
SQL: SELECT * FROM `jz_server` WHERE `type` = 0 AND `zt` = 1 ORDER BY num asc LIMIT 1   [ RunTime:0.0009s ]
INFO: [ app_end ] --START--
INFO: Run Behavior\ShowPageTraceBehavior [ RunTime:0.001090s ]
INFO: [ app_end ] --END-- [ RunTime:0.001146s ]

[ 2019-04-08T18:18:06+08:00 ] 192.168.150.1 /index.php/portal/index/tongyi
INFO: [ app_begin ] --START--
INFO: Run Behavior\ReadHtmlCacheBehavior [ RunTime:0.000851s ]
INFO: Run Behavior\CheckLangBehavior [ RunTime:0.000760s ]
INFO: Run Common\Behavior\UrldecodeGetBehavior [ RunTime:0.000458s ]
INFO: [ app_begin ] --END-- [ RunTime:0.002529s ]
NOTIC: [8] Undefined index: uid /home/www/blockgame.global/application/Common/Controller/HomebaseController.class.php 第 20 行.
NOTIC: [8] Undefined index: token /home/www/blockgame.global/application/Common/Controller/HomebaseController.class.php 第 23 行.
NOTIC: [8] Undefined index: uid /home/www/blockgame.global/application/Common/Controller/HomebaseController.class.php 第 33 行.
NOTIC: [8] Undefined index: code /home/www/blockgame.global/application/Common/Controller/HomebaseController.class.php 第 33 行.
SQL: SHOW COLUMNS FROM `jz_all_record` [ RunTime:0.0016s ]
SQL: SHOW COLUMNS FROM `jz_options` [ RunTime:0.0007s ]
SQL: SELECT `option_value` FROM `jz_options` WHERE `option_name` = 'bonus' LIMIT 1   [ RunTime:0.0003s ]
SQL: SHOW COLUMNS FROM `jz_user` [ RunTime:0.0009s ]
SQL: SELECT * FROM `jz_user` LIMIT 1   [ RunTime:0.0003s ]
INFO: [ app_end ] --START--
INFO: Run Behavior\ShowPageTraceBehavior [ RunTime:0.000887s ]
INFO: [ app_end ] --END-- [ RunTime:0.000913s ]

[ 2019-04-08T20:04:15+08:00 ] 192.168.150.1 /
INFO: [ app_begin ] --START--
INFO: Run Behavior\ReadHtmlCacheBehavior [ RunTime:0.000727s ]
INFO: Run Behavior\CheckLangBehavior [ RunTime:0.001372s ]
INFO: Run Common\Behavior\UrldecodeGetBehavior [ RunTime:0.000326s ]
INFO: [ app_begin ] --END-- [ RunTime:0.002883s ]
NOTIC: [8] Undefined index: uid /home/www/blockgame.global/application/Common/Controller/HomebaseController.class.php 第 20 行.
NOTIC: [8] Undefined index: token /home/www/blockgame.global/application/Common/Controller/HomebaseController.class.php 第 23 行.
NOTIC: [8] Undefined index: uid /home/www/blockgame.global/application/Common/Controller/HomebaseController.class.php 第 33 行.
NOTIC: [8] Undefined index: code /home/www/blockgame.global/application/Common/Controller/HomebaseController.class.php 第 33 行.
SQL: SHOW COLUMNS FROM `jz_all_record` [ RunTime:0.0031s ]
SQL: SHOW COLUMNS FROM `jz_options` [ RunTime:0.0008s ]
SQL: SELECT `option_value` FROM `jz_options` WHERE `option_name` = 'bonus' LIMIT 1   [ RunTime:0.0005s ]
SQL: SHOW COLUMNS FROM `jz_user` [ RunTime:0.0009s ]
SQL: SELECT * FROM `jz_user` LIMIT 1   [ RunTime:0.0004s ]
SQL: SHOW COLUMNS FROM `jz_user` [ RunTime:0.0007s ]
SQL: UPDATE `jz_user` SET `token`='a75d0a118741991f0d1052a0f3d56e4b' WHERE `id` = 174 [ RunTime:0.0550s ]
NOTIC: [8] Undefined variable: user /home/www/blockgame.global/application/Portal/Controller/IndexController.class.php 第 62 行.
SQL: SELECT `option_value` FROM `jz_options` WHERE `option_name` = 'cdn_settings' LIMIT 1   [ RunTime:0.0002s ]
INFO: [ view_parse ] --START--
INFO: [ template_filter ] --START--
INFO: Run Behavior\ContentReplaceBehavior [ RunTime:0.000127s ]
INFO: [ template_filter ] --END-- [ RunTime:0.000177s ]
INFO: Run Behavior\ParseTemplateBehavior [ RunTime:0.017847s ]
INFO: [ view_parse ] --END-- [ RunTime:0.017908s ]
INFO: [ view_filter ] --START--
INFO: Run Behavior\WriteHtmlCacheBehavior [ RunTime:0.000968s ]
INFO: Run Common\Behavior\TmplStripSpaceBehavior [ RunTime:0.001062s ]
INFO: [ view_filter ] --END-- [ RunTime:0.002119s ]
INFO: [ app_end ] --START--
INFO: Run Behavior\ShowPageTraceBehavior [ RunTime:0.002739s ]
INFO: [ app_end ] --END-- [ RunTime:0.002797s ]

[ 2019-04-08T20:04:16+08:00 ] 192.168.150.1 /index.php/portal/index/gamejs
INFO: [ app_begin ] --START--
INFO: Run Behavior\ReadHtmlCacheBehavior [ RunTime:0.000331s ]
INFO: Run Behavior\CheckLangBehavior [ RunTime:0.000393s ]
INFO: Run Common\Behavior\UrldecodeGetBehavior [ RunTime:0.000297s ]
INFO: [ app_begin ] --END-- [ RunTime:0.001298s ]
NOTIC: [8] Undefined index: uid /home/www/blockgame.global/application/Common/Controller/HomebaseController.class.php 第 20 行.
NOTIC: [8] Undefined index: token /home/www/blockgame.global/application/Common/Controller/HomebaseController.class.php 第 23 行.
NOTIC: [8] Undefined index: uid /home/www/blockgame.global/application/Common/Controller/HomebaseController.class.php 第 33 行.
NOTIC: [8] Undefined index: code /home/www/blockgame.global/application/Common/Controller/HomebaseController.class.php 第 33 行.
SQL: SHOW COLUMNS FROM `jz_all_record` [ RunTime:0.0011s ]
SQL: SHOW COLUMNS FROM `jz_options` [ RunTime:0.0007s ]
SQL: SELECT `option_value` FROM `jz_options` WHERE `option_name` = 'bonus' LIMIT 1   [ RunTime:0.0005s ]
SQL: SHOW COLUMNS FROM `jz_user` [ RunTime:0.0016s ]
SQL: SELECT * FROM `jz_user` LIMIT 1   [ RunTime:0.0008s ]
SQL: SHOW COLUMNS FROM `jz_server` [ RunTime:0.0012s ]
SQL: SELECT * FROM `jz_server` WHERE `type` = 0 AND `zt` = 1 ORDER BY num asc LIMIT 1   [ RunTime:0.0005s ]
INFO: [ app_end ] --START--
INFO: Run Behavior\ShowPageTraceBehavior [ RunTime:0.000938s ]
INFO: [ app_end ] --END-- [ RunTime:0.000967s ]

[ 2019-04-08T20:04:27+08:00 ] 192.168.150.1 /
INFO: [ app_begin ] --START--
INFO: Run Behavior\ReadHtmlCacheBehavior [ RunTime:0.000971s ]
INFO: Run Behavior\CheckLangBehavior [ RunTime:0.000873s ]
INFO: Run Common\Behavior\UrldecodeGetBehavior [ RunTime:0.000379s ]
INFO: [ app_begin ] --END-- [ RunTime:0.002630s ]
NOTIC: [8] Undefined index: uid /home/www/blockgame.global/application/Common/Controller/HomebaseController.class.php 第 20 行.
NOTIC: [8] Undefined index: token /home/www/blockgame.global/application/Common/Controller/HomebaseController.class.php 第 23 行.
NOTIC: [8] Undefined index: uid /home/www/blockgame.global/application/Common/Controller/HomebaseController.class.php 第 33 行.
NOTIC: [8] Undefined index: code /home/www/blockgame.global/application/Common/Controller/HomebaseController.class.php 第 33 行.
SQL: SHOW COLUMNS FROM `jz_all_record` [ RunTime:0.0012s ]
SQL: SHOW COLUMNS FROM `jz_options` [ RunTime:0.0009s ]
SQL: SELECT `option_value` FROM `jz_options` WHERE `option_name` = 'bonus' LIMIT 1   [ RunTime:0.0002s ]
SQL: SHOW COLUMNS FROM `jz_user` [ RunTime:0.0011s ]
SQL: SELECT * FROM `jz_user` LIMIT 1   [ RunTime:0.0004s ]
SQL: SHOW COLUMNS FROM `jz_user` [ RunTime:0.0008s ]
SQL: UPDATE `jz_user` SET `token`='bfb4ed2dca563c912e27f731b71f1f9c' WHERE `id` = 174 [ RunTime:0.0021s ]
NOTIC: [8] Undefined variable: user /home/www/blockgame.global/application/Portal/Controller/IndexController.class.php 第 62 行.
SQL: SELECT `option_value` FROM `jz_options` WHERE `option_name` = 'cdn_settings' LIMIT 1   [ RunTime:0.0003s ]
INFO: [ view_parse ] --START--
INFO: [ template_filter ] --START--
INFO: Run Behavior\ContentReplaceBehavior [ RunTime:0.000095s ]
INFO: [ template_filter ] --END-- [ RunTime:0.000126s ]
INFO: Run Behavior\ParseTemplateBehavior [ RunTime:0.013777s ]
INFO: [ view_parse ] --END-- [ RunTime:0.013802s ]
INFO: [ view_filter ] --START--
INFO: Run Behavior\WriteHtmlCacheBehavior [ RunTime:0.000283s ]
INFO: Run Common\Behavior\TmplStripSpaceBehavior [ RunTime:0.000410s ]
INFO: [ view_filter ] --END-- [ RunTime:0.000723s ]
INFO: [ app_end ] --START--
INFO: Run Behavior\ShowPageTraceBehavior [ RunTime:0.000874s ]
INFO: [ app_end ] --END-- [ RunTime:0.000894s ]

[ 2019-04-08T20:04:27+08:00 ] 192.168.150.1 /index.php/portal/index/gamejs
INFO: [ app_begin ] --START--
INFO: Run Behavior\ReadHtmlCacheBehavior [ RunTime:0.002876s ]
INFO: Run Behavior\CheckLangBehavior [ RunTime:0.001459s ]
INFO: Run Common\Behavior\UrldecodeGetBehavior [ RunTime:0.000410s ]
INFO: [ app_begin ] --END-- [ RunTime:0.005321s ]
NOTIC: [8] Undefined index: uid /home/www/blockgame.global/application/Common/Controller/HomebaseController.class.php 第 20 行.
NOTIC: [8] Undefined index: token /home/www/blockgame.global/application/Common/Controller/HomebaseController.class.php 第 23 行.
NOTIC: [8] Undefined index: uid /home/www/blockgame.global/application/Common/Controller/HomebaseController.class.php 第 33 行.
NOTIC: [8] Undefined index: code /home/www/blockgame.global/application/Common/Controller/HomebaseController.class.php 第 33 行.
SQL: SHOW COLUMNS FROM `jz_all_record` [ RunTime:0.0010s ]
SQL: SHOW COLUMNS FROM `jz_options` [ RunTime:0.0007s ]
SQL: SELECT `option_value` FROM `jz_options` WHERE `option_name` = 'bonus' LIMIT 1   [ RunTime:0.0003s ]
SQL: SHOW COLUMNS FROM `jz_user` [ RunTime:0.0012s ]
SQL: SELECT * FROM `jz_user` LIMIT 1   [ RunTime:0.0003s ]
SQL: SHOW COLUMNS FROM `jz_server` [ RunTime:0.0007s ]
SQL: SELECT * FROM `jz_server` WHERE `type` = 0 AND `zt` = 1 ORDER BY num asc LIMIT 1   [ RunTime:0.0003s ]
INFO: [ app_end ] --START--
INFO: Run Behavior\ShowPageTraceBehavior [ RunTime:0.002825s ]
INFO: [ app_end ] --END-- [ RunTime:0.002877s ]

[ 2019-04-08T20:04:37+08:00 ] 192.168.150.1 /
INFO: [ app_begin ] --START--
INFO: Run Behavior\ReadHtmlCacheBehavior [ RunTime:0.000789s ]
INFO: Run Behavior\CheckLangBehavior [ RunTime:0.001061s ]
INFO: Run Common\Behavior\UrldecodeGetBehavior [ RunTime:0.003383s ]
INFO: [ app_begin ] --END-- [ RunTime:0.005751s ]
NOTIC: [8] Undefined index: uid /home/www/blockgame.global/application/Common/Controller/HomebaseController.class.php 第 20 行.
NOTIC: [8] Undefined index: token /home/www/blockgame.global/application/Common/Controller/HomebaseController.class.php 第 23 行.
NOTIC: [8] Undefined index: uid /home/www/blockgame.global/application/Common/Controller/HomebaseController.class.php 第 33 行.
NOTIC: [8] Undefined index: code /home/www/blockgame.global/application/Common/Controller/HomebaseController.class.php 第 33 行.
SQL: SHOW COLUMNS FROM `jz_all_record` [ RunTime:0.0010s ]
SQL: SHOW COLUMNS FROM `jz_options` [ RunTime:0.0005s ]
SQL: SELECT `option_value` FROM `jz_options` WHERE `option_name` = 'bonus' LIMIT 1   [ RunTime:0.0003s ]
SQL: SHOW COLUMNS FROM `jz_user` [ RunTime:0.0010s ]
SQL: SELECT * FROM `jz_user` LIMIT 1   [ RunTime:0.0004s ]
SQL: SHOW COLUMNS FROM `jz_user` [ RunTime:0.0009s ]
SQL: UPDATE `jz_user` SET `token`='52f62553d918e16fbc2a9ca547e2947d' WHERE `id` = 174 [ RunTime:0.0022s ]
NOTIC: [8] Undefined variable: user /home/www/blockgame.global/application/Portal/Controller/IndexController.class.php 第 62 行.
SQL: SELECT `option_value` FROM `jz_options` WHERE `option_name` = 'cdn_settings' LIMIT 1   [ RunTime:0.0002s ]
INFO: [ view_parse ] --START--
INFO: [ template_filter ] --START--
INFO: Run Behavior\ContentReplaceBehavior [ RunTime:0.000055s ]
INFO: [ template_filter ] --END-- [ RunTime:0.000078s ]
INFO: Run Behavior\ParseTemplateBehavior [ RunTime:0.014396s ]
INFO: [ view_parse ] --END-- [ RunTime:0.014425s ]
INFO: [ view_filter ] --START--
INFO: Run Behavior\WriteHtmlCacheBehavior [ RunTime:0.000165s ]
INFO: Run Common\Behavior\TmplStripSpaceBehavior [ RunTime:0.000150s ]
INFO: [ view_filter ] --END-- [ RunTime:0.000334s ]
INFO: [ app_end ] --START--
INFO: Run Behavior\ShowPageTraceBehavior [ RunTime:0.000905s ]
INFO: [ app_end ] --END-- [ RunTime:0.000927s ]

[ 2019-04-08T20:04:37+08:00 ] 192.168.150.1 /index.php/portal/index/gamejs
INFO: [ app_begin ] --START--
INFO: Run Behavior\ReadHtmlCacheBehavior [ RunTime:0.000554s ]
INFO: Run Behavior\CheckLangBehavior [ RunTime:0.000978s ]
INFO: Run Common\Behavior\UrldecodeGetBehavior [ RunTime:0.000419s ]
INFO: [ app_begin ] --END-- [ RunTime:0.002249s ]
NOTIC: [8] Undefined index: uid /home/www/blockgame.global/application/Common/Controller/HomebaseController.class.php 第 20 行.
NOTIC: [8] Undefined index: token /home/www/blockgame.global/application/Common/Controller/HomebaseController.class.php 第 23 行.
NOTIC: [8] Undefined index: uid /home/www/blockgame.global/application/Common/Controller/HomebaseController.class.php 第 33 行.
NOTIC: [8] Undefined index: code /home/www/blockgame.global/application/Common/Controller/HomebaseController.class.php 第 33 行.
SQL: SHOW COLUMNS FROM `jz_all_record` [ RunTime:0.0009s ]
SQL: SHOW COLUMNS FROM `jz_options` [ RunTime:0.0004s ]
SQL: SELECT `option_value` FROM `jz_options` WHERE `option_name` = 'bonus' LIMIT 1   [ RunTime:0.0003s ]
SQL: SHOW COLUMNS FROM `jz_user` [ RunTime:0.0014s ]
SQL: SELECT * FROM `jz_user` LIMIT 1   [ RunTime:0.0002s ]
SQL: SHOW COLUMNS FROM `jz_server` [ RunTime:0.0006s ]
SQL: SELECT * FROM `jz_server` WHERE `type` = 0 AND `zt` = 1 ORDER BY num asc LIMIT 1   [ RunTime:0.0003s ]
INFO: [ app_end ] --START--
INFO: Run Behavior\ShowPageTraceBehavior [ RunTime:0.000869s ]
INFO: [ app_end ] --END-- [ RunTime:0.000892s ]

