[ 2019-04-11T10:41:25+08:00 ] 192.168.150.1 /
INFO: [ app_begin ] --START--
INFO: Run Behavior\ReadHtmlCacheBehavior [ RunTime:0.001171s ]
INFO: Run Behavior\CheckLangBehavior [ RunTime:0.013722s ]
INFO: Run Common\Behavior\UrldecodeGetBehavior [ RunTime:0.000833s ]
INFO: [ app_begin ] --END-- [ RunTime:0.016608s ]
NOTIC: [8] Undefined index: uid /home/www/blockgame.global/application/Common/Controller/HomebaseController.class.php 第 20 行.
NOTIC: [8] Undefined index: token /home/www/blockgame.global/application/Common/Controller/HomebaseController.class.php 第 23 行.
NOTIC: [8] Undefined index: uid /home/www/blockgame.global/application/Common/Controller/HomebaseController.class.php 第 33 行.
NOTIC: [8] Undefined index: code /home/www/blockgame.global/application/Common/Controller/HomebaseController.class.php 第 33 行.
SQL: SHOW COLUMNS FROM `jz_all_record` [ RunTime:0.0409s ]
SQL: SHOW COLUMNS FROM `jz_options` [ RunTime:0.0024s ]
SQL: SELECT `option_value` FROM `jz_options` WHERE `option_name` = 'bonus' LIMIT 1   [ RunTime:0.2007s ]
SQL: SHOW COLUMNS FROM `jz_user` [ RunTime:0.0052s ]
SQL: SELECT * FROM `jz_user` LIMIT 1   [ RunTime:0.0183s ]
SQL: SHOW COLUMNS FROM `jz_user` [ RunTime:0.0016s ]
SQL: UPDATE `jz_user` SET `token`='931ebbd12aac24e29895ed7636e0373e' WHERE `id` = 174 [ RunTime:0.0506s ]
NOTIC: [8] Undefined variable: user /home/www/blockgame.global/application/Portal/Controller/IndexController.class.php 第 62 行.
SQL: SELECT `option_value` FROM `jz_options` WHERE `option_name` = 'cdn_settings' LIMIT 1   [ RunTime:0.0005s ]
INFO: [ view_parse ] --START--
INFO: [ template_filter ] --START--
INFO: Run Behavior\ContentReplaceBehavior [ RunTime:0.000320s ]
INFO: [ template_filter ] --END-- [ RunTime:0.000370s ]
INFO: Run Behavior\ParseTemplateBehavior [ RunTime:0.069519s ]
INFO: [ view_parse ] --END-- [ RunTime:0.069582s ]
INFO: [ view_filter ] --START--
INFO: Run Behavior\WriteHtmlCacheBehavior [ RunTime:0.000613s ]
INFO: Run Common\Behavior\TmplStripSpaceBehavior [ RunTime:0.000617s ]
INFO: [ view_filter ] --END-- [ RunTime:0.001357s ]
INFO: [ app_end ] --START--
INFO: Run Behavior\ShowPageTraceBehavior [ RunTime:0.006417s ]
INFO: [ app_end ] --END-- [ RunTime:0.006574s ]

[ 2019-04-11T10:41:26+08:00 ] 192.168.150.1 /index.php/portal/index/gamejs
INFO: [ app_begin ] --START--
INFO: Run Behavior\ReadHtmlCacheBehavior [ RunTime:0.001823s ]
INFO: Run Behavior\CheckLangBehavior [ RunTime:0.001526s ]
INFO: Run Common\Behavior\UrldecodeGetBehavior [ RunTime:0.000665s ]
INFO: [ app_begin ] --END-- [ RunTime:0.004450s ]
NOTIC: [8] Undefined index: uid /home/www/blockgame.global/application/Common/Controller/HomebaseController.class.php 第 20 行.
NOTIC: [8] Undefined index: token /home/www/blockgame.global/application/Common/Controller/HomebaseController.class.php 第 23 行.
NOTIC: [8] Undefined index: uid /home/www/blockgame.global/application/Common/Controller/HomebaseController.class.php 第 33 行.
NOTIC: [8] Undefined index: code /home/www/blockgame.global/application/Common/Controller/HomebaseController.class.php 第 33 行.
SQL: SHOW COLUMNS FROM `jz_all_record` [ RunTime:0.0136s ]
SQL: SHOW COLUMNS FROM `jz_options` [ RunTime:0.0068s ]
SQL: SELECT `option_value` FROM `jz_options` WHERE `option_name` = 'bonus' LIMIT 1   [ RunTime:0.0006s ]
SQL: SHOW COLUMNS FROM `jz_user` [ RunTime:0.0083s ]
SQL: SELECT * FROM `jz_user` LIMIT 1   [ RunTime:0.0006s ]
SQL: SHOW COLUMNS FROM `jz_server` [ RunTime:0.0015s ]
SQL: SELECT * FROM `jz_server` WHERE `type` = 0 AND `zt` = 1 ORDER BY num asc LIMIT 1   [ RunTime:0.0107s ]
INFO: [ app_end ] --START--
INFO: Run Behavior\ShowPageTraceBehavior [ RunTime:0.002482s ]
INFO: [ app_end ] --END-- [ RunTime:0.002537s ]

[ 2019-04-11T11:36:50+08:00 ] 192.168.150.1 /
INFO: [ app_begin ] --START--
INFO: Run Behavior\ReadHtmlCacheBehavior [ RunTime:0.000879s ]
INFO: Run Behavior\CheckLangBehavior [ RunTime:0.001460s ]
INFO: Run Common\Behavior\UrldecodeGetBehavior [ RunTime:0.000411s ]
INFO: [ app_begin ] --END-- [ RunTime:0.003193s ]
NOTIC: [8] Undefined index: uid /home/www/blockgame.global/application/Common/Controller/HomebaseController.class.php 第 20 行.
NOTIC: [8] Undefined index: token /home/www/blockgame.global/application/Common/Controller/HomebaseController.class.php 第 23 行.
NOTIC: [8] Undefined index: uid /home/www/blockgame.global/application/Common/Controller/HomebaseController.class.php 第 33 行.
NOTIC: [8] Undefined index: code /home/www/blockgame.global/application/Common/Controller/HomebaseController.class.php 第 33 行.
SQL: SHOW COLUMNS FROM `jz_all_record` [ RunTime:0.0116s ]
SQL: SHOW COLUMNS FROM `jz_options` [ RunTime:0.0017s ]
SQL: SELECT `option_value` FROM `jz_options` WHERE `option_name` = 'bonus' LIMIT 1   [ RunTime:0.0015s ]
SQL: SHOW COLUMNS FROM `jz_user` [ RunTime:0.0033s ]
SQL: SELECT * FROM `jz_user` LIMIT 1   [ RunTime:0.0017s ]
SQL: SHOW COLUMNS FROM `jz_user` [ RunTime:0.0021s ]
SQL: UPDATE `jz_user` SET `token`='498e8f199be70b1b3561dba536485b03' WHERE `id` = 174 [ RunTime:0.0119s ]
NOTIC: [8] Undefined variable: user /home/www/blockgame.global/application/Portal/Controller/IndexController.class.php 第 62 行.
SQL: SELECT `option_value` FROM `jz_options` WHERE `option_name` = 'cdn_settings' LIMIT 1   [ RunTime:0.0006s ]
INFO: [ view_parse ] --START--
INFO: [ template_filter ] --START--
INFO: Run Behavior\ContentReplaceBehavior [ RunTime:0.000113s ]
INFO: [ template_filter ] --END-- [ RunTime:0.000161s ]
INFO: Run Behavior\ParseTemplateBehavior [ RunTime:0.029132s ]
INFO: [ view_parse ] --END-- [ RunTime:0.029232s ]
INFO: [ view_filter ] --START--
INFO: Run Behavior\WriteHtmlCacheBehavior [ RunTime:0.001041s ]
INFO: Run Common\Behavior\TmplStripSpaceBehavior [ RunTime:0.000352s ]
INFO: [ view_filter ] --END-- [ RunTime:0.001445s ]
INFO: [ app_end ] --START--
INFO: Run Behavior\ShowPageTraceBehavior [ RunTime:0.001022s ]
INFO: [ app_end ] --END-- [ RunTime:0.001051s ]

[ 2019-04-11T11:36:51+08:00 ] 192.168.150.1 /index.php/portal/index/gamejs
INFO: [ app_begin ] --START--
INFO: Run Behavior\ReadHtmlCacheBehavior [ RunTime:0.000957s ]
INFO: Run Behavior\CheckLangBehavior [ RunTime:0.010117s ]
INFO: Run Common\Behavior\UrldecodeGetBehavior [ RunTime:0.000962s ]
INFO: [ app_begin ] --END-- [ RunTime:0.012666s ]
NOTIC: [8] Undefined index: uid /home/www/blockgame.global/application/Common/Controller/HomebaseController.class.php 第 20 行.
NOTIC: [8] Undefined index: token /home/www/blockgame.global/application/Common/Controller/HomebaseController.class.php 第 23 行.
NOTIC: [8] Undefined index: uid /home/www/blockgame.global/application/Common/Controller/HomebaseController.class.php 第 33 行.
NOTIC: [8] Undefined index: code /home/www/blockgame.global/application/Common/Controller/HomebaseController.class.php 第 33 行.
SQL: SHOW COLUMNS FROM `jz_all_record` [ RunTime:0.0132s ]
SQL: SHOW COLUMNS FROM `jz_options` [ RunTime:0.0006s ]
SQL: SELECT `option_value` FROM `jz_options` WHERE `option_name` = 'bonus' LIMIT 1   [ RunTime:0.0002s ]
SQL: SHOW COLUMNS FROM `jz_user` [ RunTime:0.0010s ]
SQL: SELECT * FROM `jz_user` LIMIT 1   [ RunTime:0.0004s ]
SQL: SHOW COLUMNS FROM `jz_server` [ RunTime:0.0005s ]
SQL: SELECT * FROM `jz_server` WHERE `type` = 0 AND `zt` = 1 ORDER BY num asc LIMIT 1   [ RunTime:0.0003s ]
INFO: [ app_end ] --START--
INFO: Run Behavior\ShowPageTraceBehavior [ RunTime:0.000791s ]
INFO: [ app_end ] --END-- [ RunTime:0.000815s ]

[ 2019-04-11T11:36:59+08:00 ] 192.168.150.1 /
INFO: [ app_begin ] --START--
INFO: Run Behavior\ReadHtmlCacheBehavior [ RunTime:0.000955s ]
INFO: Run Behavior\CheckLangBehavior [ RunTime:0.001328s ]
INFO: Run Common\Behavior\UrldecodeGetBehavior [ RunTime:0.000469s ]
INFO: [ app_begin ] --END-- [ RunTime:0.003261s ]
NOTIC: [8] Undefined index: uid /home/www/blockgame.global/application/Common/Controller/HomebaseController.class.php 第 20 行.
NOTIC: [8] Undefined index: token /home/www/blockgame.global/application/Common/Controller/HomebaseController.class.php 第 23 行.
NOTIC: [8] Undefined index: uid /home/www/blockgame.global/application/Common/Controller/HomebaseController.class.php 第 33 行.
NOTIC: [8] Undefined index: code /home/www/blockgame.global/application/Common/Controller/HomebaseController.class.php 第 33 行.
SQL: SHOW COLUMNS FROM `jz_all_record` [ RunTime:0.0182s ]
SQL: SHOW COLUMNS FROM `jz_options` [ RunTime:0.0005s ]
SQL: SELECT `option_value` FROM `jz_options` WHERE `option_name` = 'bonus' LIMIT 1   [ RunTime:0.0004s ]
SQL: SHOW COLUMNS FROM `jz_user` [ RunTime:0.0012s ]
SQL: SELECT * FROM `jz_user` LIMIT 1   [ RunTime:0.0003s ]
SQL: SHOW COLUMNS FROM `jz_user` [ RunTime:0.0007s ]
SQL: UPDATE `jz_user` SET `token`='3c4aed7539a4fd2132a1078818b579b8' WHERE `id` = 174 [ RunTime:0.0032s ]
NOTIC: [8] Undefined variable: user /home/www/blockgame.global/application/Portal/Controller/IndexController.class.php 第 62 行.
SQL: SELECT `option_value` FROM `jz_options` WHERE `option_name` = 'cdn_settings' LIMIT 1   [ RunTime:0.0002s ]
INFO: [ view_parse ] --START--
INFO: [ template_filter ] --START--
INFO: Run Behavior\ContentReplaceBehavior [ RunTime:0.000127s ]
INFO: [ template_filter ] --END-- [ RunTime:0.000169s ]
INFO: Run Behavior\ParseTemplateBehavior [ RunTime:0.012938s ]
INFO: [ view_parse ] --END-- [ RunTime:0.012961s ]
INFO: [ view_filter ] --START--
INFO: Run Behavior\WriteHtmlCacheBehavior [ RunTime:0.000442s ]
INFO: Run Common\Behavior\TmplStripSpaceBehavior [ RunTime:0.000279s ]
INFO: [ view_filter ] --END-- [ RunTime:0.000750s ]
INFO: [ app_end ] --START--
INFO: Run Behavior\ShowPageTraceBehavior [ RunTime:0.000768s ]
INFO: [ app_end ] --END-- [ RunTime:0.000788s ]

[ 2019-04-11T11:37:00+08:00 ] 192.168.150.1 /index.php/portal/index/gamejs
INFO: [ app_begin ] --START--
INFO: Run Behavior\ReadHtmlCacheBehavior [ RunTime:0.000905s ]
INFO: Run Behavior\CheckLangBehavior [ RunTime:0.001054s ]
INFO: Run Common\Behavior\UrldecodeGetBehavior [ RunTime:0.000772s ]
INFO: [ app_begin ] --END-- [ RunTime:0.003247s ]
NOTIC: [8] Undefined index: uid /home/www/blockgame.global/application/Common/Controller/HomebaseController.class.php 第 20 行.
NOTIC: [8] Undefined index: token /home/www/blockgame.global/application/Common/Controller/HomebaseController.class.php 第 23 行.
NOTIC: [8] Undefined index: uid /home/www/blockgame.global/application/Common/Controller/HomebaseController.class.php 第 33 行.
NOTIC: [8] Undefined index: code /home/www/blockgame.global/application/Common/Controller/HomebaseController.class.php 第 33 行.
SQL: SHOW COLUMNS FROM `jz_all_record` [ RunTime:0.0013s ]
SQL: SHOW COLUMNS FROM `jz_options` [ RunTime:0.0005s ]
SQL: SELECT `option_value` FROM `jz_options` WHERE `option_name` = 'bonus' LIMIT 1   [ RunTime:0.0002s ]
SQL: SHOW COLUMNS FROM `jz_user` [ RunTime:0.0008s ]
SQL: SELECT * FROM `jz_user` LIMIT 1   [ RunTime:0.0007s ]
SQL: SHOW COLUMNS FROM `jz_server` [ RunTime:0.0005s ]
SQL: SELECT * FROM `jz_server` WHERE `type` = 0 AND `zt` = 1 ORDER BY num asc LIMIT 1   [ RunTime:0.0003s ]
INFO: [ app_end ] --START--
INFO: Run Behavior\ShowPageTraceBehavior [ RunTime:0.000792s ]
INFO: [ app_end ] --END-- [ RunTime:0.000815s ]

[ 2019-04-11T18:50:38+08:00 ] 192.168.150.1 /
INFO: [ app_begin ] --START--
INFO: Run Behavior\ReadHtmlCacheBehavior [ RunTime:0.000794s ]
INFO: Run Behavior\CheckLangBehavior [ RunTime:0.006430s ]
INFO: Run Common\Behavior\UrldecodeGetBehavior [ RunTime:0.000403s ]
INFO: [ app_begin ] --END-- [ RunTime:0.008200s ]
NOTIC: [8] Undefined index: uid /home/www/blockgame.global/application/Common/Controller/HomebaseController.class.php 第 20 行.
NOTIC: [8] Undefined index: token /home/www/blockgame.global/application/Common/Controller/HomebaseController.class.php 第 23 行.
NOTIC: [8] Undefined index: uid /home/www/blockgame.global/application/Common/Controller/HomebaseController.class.php 第 33 行.
NOTIC: [8] Undefined index: code /home/www/blockgame.global/application/Common/Controller/HomebaseController.class.php 第 33 行.
SQL: SHOW COLUMNS FROM `jz_all_record` [ RunTime:0.0083s ]
SQL: SHOW COLUMNS FROM `jz_options` [ RunTime:0.0005s ]
SQL: SELECT `option_value` FROM `jz_options` WHERE `option_name` = 'bonus' LIMIT 1   [ RunTime:0.0005s ]
SQL: SHOW COLUMNS FROM `jz_user` [ RunTime:0.0009s ]
SQL: SELECT * FROM `jz_user` LIMIT 1   [ RunTime:0.0003s ]
SQL: SHOW COLUMNS FROM `jz_user` [ RunTime:0.0008s ]
SQL: UPDATE `jz_user` SET `token`='13b78ec2c811b97b0649c8c6b50565f8' WHERE `id` = 174 [ RunTime:0.0062s ]
NOTIC: [8] Undefined variable: user /home/www/blockgame.global/application/Portal/Controller/IndexController.class.php 第 62 行.
SQL: SELECT `option_value` FROM `jz_options` WHERE `option_name` = 'cdn_settings' LIMIT 1   [ RunTime:0.0002s ]
INFO: [ view_parse ] --START--
INFO: [ template_filter ] --START--
INFO: Run Behavior\ContentReplaceBehavior [ RunTime:0.000086s ]
INFO: [ template_filter ] --END-- [ RunTime:0.000118s ]
INFO: Run Behavior\ParseTemplateBehavior [ RunTime:0.011022s ]
INFO: [ view_parse ] --END-- [ RunTime:0.011045s ]
INFO: [ view_filter ] --START--
INFO: Run Behavior\WriteHtmlCacheBehavior [ RunTime:0.000425s ]
INFO: Run Common\Behavior\TmplStripSpaceBehavior [ RunTime:0.000296s ]
INFO: [ view_filter ] --END-- [ RunTime:0.000752s ]
INFO: [ app_end ] --START--
INFO: Run Behavior\ShowPageTraceBehavior [ RunTime:0.000786s ]
INFO: [ app_end ] --END-- [ RunTime:0.000807s ]

[ 2019-04-11T18:50:38+08:00 ] 192.168.150.1 /index.php/portal/index/gamejs
INFO: [ app_begin ] --START--
INFO: Run Behavior\ReadHtmlCacheBehavior [ RunTime:0.000633s ]
INFO: Run Behavior\CheckLangBehavior [ RunTime:0.001131s ]
INFO: Run Common\Behavior\UrldecodeGetBehavior [ RunTime:0.000649s ]
INFO: [ app_begin ] --END-- [ RunTime:0.002953s ]
NOTIC: [8] Undefined index: uid /home/www/blockgame.global/application/Common/Controller/HomebaseController.class.php 第 20 行.
NOTIC: [8] Undefined index: token /home/www/blockgame.global/application/Common/Controller/HomebaseController.class.php 第 23 行.
NOTIC: [8] Undefined index: uid /home/www/blockgame.global/application/Common/Controller/HomebaseController.class.php 第 33 行.
NOTIC: [8] Undefined index: code /home/www/blockgame.global/application/Common/Controller/HomebaseController.class.php 第 33 行.
SQL: SHOW COLUMNS FROM `jz_all_record` [ RunTime:0.0382s ]
SQL: SHOW COLUMNS FROM `jz_options` [ RunTime:0.0007s ]
SQL: SELECT `option_value` FROM `jz_options` WHERE `option_name` = 'bonus' LIMIT 1   [ RunTime:0.0005s ]
SQL: SHOW COLUMNS FROM `jz_user` [ RunTime:0.0009s ]
SQL: SELECT * FROM `jz_user` LIMIT 1   [ RunTime:0.0003s ]
SQL: SHOW COLUMNS FROM `jz_server` [ RunTime:0.0096s ]
SQL: SELECT * FROM `jz_server` WHERE `type` = 0 AND `zt` = 1 ORDER BY num asc LIMIT 1   [ RunTime:0.0005s ]
INFO: [ app_end ] --START--
INFO: Run Behavior\ShowPageTraceBehavior [ RunTime:0.000884s ]
INFO: [ app_end ] --END-- [ RunTime:0.000919s ]

[ 2019-04-11T18:50:50+08:00 ] 192.168.150.1 /
INFO: [ app_begin ] --START--
INFO: Run Behavior\ReadHtmlCacheBehavior [ RunTime:0.000794s ]
INFO: Run Behavior\CheckLangBehavior [ RunTime:0.000904s ]
INFO: Run Common\Behavior\UrldecodeGetBehavior [ RunTime:0.000539s ]
INFO: [ app_begin ] --END-- [ RunTime:0.002627s ]
NOTIC: [8] Undefined index: uid /home/www/blockgame.global/application/Common/Controller/HomebaseController.class.php 第 20 行.
NOTIC: [8] Undefined index: token /home/www/blockgame.global/application/Common/Controller/HomebaseController.class.php 第 23 行.
NOTIC: [8] Undefined index: uid /home/www/blockgame.global/application/Common/Controller/HomebaseController.class.php 第 33 行.
NOTIC: [8] Undefined index: code /home/www/blockgame.global/application/Common/Controller/HomebaseController.class.php 第 33 行.
SQL: SHOW COLUMNS FROM `jz_all_record` [ RunTime:0.0013s ]
SQL: SHOW COLUMNS FROM `jz_options` [ RunTime:0.0043s ]
SQL: SELECT `option_value` FROM `jz_options` WHERE `option_name` = 'bonus' LIMIT 1   [ RunTime:0.0003s ]
SQL: SHOW COLUMNS FROM `jz_user` [ RunTime:0.0009s ]
SQL: SELECT * FROM `jz_user` LIMIT 1   [ RunTime:0.0004s ]
SQL: SHOW COLUMNS FROM `jz_user` [ RunTime:0.0008s ]
SQL: UPDATE `jz_user` SET `token`='76b399279729396a19ed6b9f3f5f97c8' WHERE `id` = 174 [ RunTime:0.0090s ]
NOTIC: [8] Undefined variable: user /home/www/blockgame.global/application/Portal/Controller/IndexController.class.php 第 62 行.
SQL: SELECT `option_value` FROM `jz_options` WHERE `option_name` = 'cdn_settings' LIMIT 1   [ RunTime:0.0003s ]
INFO: [ view_parse ] --START--
INFO: [ template_filter ] --START--
INFO: Run Behavior\ContentReplaceBehavior [ RunTime:0.000090s ]
INFO: [ template_filter ] --END-- [ RunTime:0.000149s ]
INFO: Run Behavior\ParseTemplateBehavior [ RunTime:0.013495s ]
INFO: [ view_parse ] --END-- [ RunTime:0.013533s ]
INFO: [ view_filter ] --START--
INFO: Run Behavior\WriteHtmlCacheBehavior [ RunTime:0.000302s ]
INFO: Run Common\Behavior\TmplStripSpaceBehavior [ RunTime:0.000316s ]
INFO: [ view_filter ] --END-- [ RunTime:0.000766s ]
INFO: [ app_end ] --START--
INFO: Run Behavior\ShowPageTraceBehavior [ RunTime:0.001419s ]
INFO: [ app_end ] --END-- [ RunTime:0.001461s ]

[ 2019-04-11T18:50:51+08:00 ] 192.168.150.1 /index.php/portal/index/gamejs
INFO: [ app_begin ] --START--
INFO: Run Behavior\ReadHtmlCacheBehavior [ RunTime:0.000808s ]
INFO: Run Behavior\CheckLangBehavior [ RunTime:0.000983s ]
INFO: Run Common\Behavior\UrldecodeGetBehavior [ RunTime:0.000365s ]
INFO: [ app_begin ] --END-- [ RunTime:0.002698s ]
NOTIC: [8] Undefined index: uid /home/www/blockgame.global/application/Common/Controller/HomebaseController.class.php 第 20 行.
NOTIC: [8] Undefined index: token /home/www/blockgame.global/application/Common/Controller/HomebaseController.class.php 第 23 行.
NOTIC: [8] Undefined index: uid /home/www/blockgame.global/application/Common/Controller/HomebaseController.class.php 第 33 行.
NOTIC: [8] Undefined index: code /home/www/blockgame.global/application/Common/Controller/HomebaseController.class.php 第 33 行.
SQL: SHOW COLUMNS FROM `jz_all_record` [ RunTime:0.0011s ]
SQL: SHOW COLUMNS FROM `jz_options` [ RunTime:0.0005s ]
SQL: SELECT `option_value` FROM `jz_options` WHERE `option_name` = 'bonus' LIMIT 1   [ RunTime:0.0003s ]
SQL: SHOW COLUMNS FROM `jz_user` [ RunTime:0.0010s ]
SQL: SELECT * FROM `jz_user` LIMIT 1   [ RunTime:0.0003s ]
SQL: SHOW COLUMNS FROM `jz_server` [ RunTime:0.0005s ]
SQL: SELECT * FROM `jz_server` WHERE `type` = 0 AND `zt` = 1 ORDER BY num asc LIMIT 1   [ RunTime:0.0004s ]
INFO: [ app_end ] --START--
INFO: Run Behavior\ShowPageTraceBehavior [ RunTime:0.000827s ]
INFO: [ app_end ] --END-- [ RunTime:0.000853s ]

[ 2019-04-11T18:51:29+08:00 ] 192.168.150.1 /
INFO: [ app_begin ] --START--
INFO: Run Behavior\ReadHtmlCacheBehavior [ RunTime:0.000254s ]
INFO: Run Behavior\CheckLangBehavior [ RunTime:0.000391s ]
INFO: Run Common\Behavior\UrldecodeGetBehavior [ RunTime:0.000132s ]
INFO: [ app_begin ] --END-- [ RunTime:0.000957s ]
NOTIC: [8] Undefined index: uid /home/www/blockgame.global/application/Common/Controller/HomebaseController.class.php 第 20 行.
NOTIC: [8] Undefined index: token /home/www/blockgame.global/application/Common/Controller/HomebaseController.class.php 第 23 行.
NOTIC: [8] Undefined index: uid /home/www/blockgame.global/application/Common/Controller/HomebaseController.class.php 第 33 行.
NOTIC: [8] Undefined index: code /home/www/blockgame.global/application/Common/Controller/HomebaseController.class.php 第 33 行.
SQL: SHOW COLUMNS FROM `jz_all_record` [ RunTime:0.0009s ]
SQL: SHOW COLUMNS FROM `jz_options` [ RunTime:0.0004s ]
SQL: SELECT `option_value` FROM `jz_options` WHERE `option_name` = 'bonus' LIMIT 1   [ RunTime:0.0006s ]
SQL: SHOW COLUMNS FROM `jz_user` [ RunTime:0.0009s ]
SQL: SELECT * FROM `jz_user` LIMIT 1   [ RunTime:0.0003s ]
SQL: SHOW COLUMNS FROM `jz_user` [ RunTime:0.0008s ]
SQL: UPDATE `jz_user` SET `token`='3e1dec18598e6bbdf39ad3955fbb509e' WHERE `id` = 174 [ RunTime:0.0024s ]
NOTIC: [8] Undefined variable: user /home/www/blockgame.global/application/Portal/Controller/IndexController.class.php 第 62 行.
SQL: SELECT `option_value` FROM `jz_options` WHERE `option_name` = 'cdn_settings' LIMIT 1   [ RunTime:0.0003s ]
INFO: [ view_parse ] --START--
INFO: [ template_filter ] --START--
INFO: Run Behavior\ContentReplaceBehavior [ RunTime:0.000080s ]
INFO: [ template_filter ] --END-- [ RunTime:0.000111s ]
INFO: Run Behavior\ParseTemplateBehavior [ RunTime:0.007636s ]
INFO: [ view_parse ] --END-- [ RunTime:0.007658s ]
INFO: [ view_filter ] --START--
INFO: Run Behavior\WriteHtmlCacheBehavior [ RunTime:0.000325s ]
INFO: Run Common\Behavior\TmplStripSpaceBehavior [ RunTime:0.000299s ]
INFO: [ view_filter ] --END-- [ RunTime:0.000682s ]
INFO: [ app_end ] --START--
INFO: Run Behavior\ShowPageTraceBehavior [ RunTime:0.000874s ]
INFO: [ app_end ] --END-- [ RunTime:0.000894s ]

[ 2019-04-11T18:51:29+08:00 ] 192.168.150.1 /index.php/portal/index/gamejs
INFO: [ app_begin ] --START--
INFO: Run Behavior\ReadHtmlCacheBehavior [ RunTime:0.000315s ]
INFO: Run Behavior\CheckLangBehavior [ RunTime:0.000440s ]
INFO: Run Common\Behavior\UrldecodeGetBehavior [ RunTime:0.000149s ]
INFO: [ app_begin ] --END-- [ RunTime:0.001168s ]
NOTIC: [8] Undefined index: uid /home/www/blockgame.global/application/Common/Controller/HomebaseController.class.php 第 20 行.
NOTIC: [8] Undefined index: token /home/www/blockgame.global/application/Common/Controller/HomebaseController.class.php 第 23 行.
NOTIC: [8] Undefined index: uid /home/www/blockgame.global/application/Common/Controller/HomebaseController.class.php 第 33 行.
NOTIC: [8] Undefined index: code /home/www/blockgame.global/application/Common/Controller/HomebaseController.class.php 第 33 行.
SQL: SHOW COLUMNS FROM `jz_all_record` [ RunTime:0.0006s ]
SQL: SHOW COLUMNS FROM `jz_options` [ RunTime:0.0005s ]
SQL: SELECT `option_value` FROM `jz_options` WHERE `option_name` = 'bonus' LIMIT 1   [ RunTime:0.0011s ]
SQL: SHOW COLUMNS FROM `jz_user` [ RunTime:0.0011s ]
SQL: SELECT * FROM `jz_user` LIMIT 1   [ RunTime:0.0004s ]
SQL: SHOW COLUMNS FROM `jz_server` [ RunTime:0.0006s ]
SQL: SELECT * FROM `jz_server` WHERE `type` = 0 AND `zt` = 1 ORDER BY num asc LIMIT 1   [ RunTime:0.0004s ]
INFO: [ app_end ] --START--
INFO: Run Behavior\ShowPageTraceBehavior [ RunTime:0.001008s ]
INFO: [ app_end ] --END-- [ RunTime:0.001042s ]

